[2026-05-11T05:49:25.242+0000] {manager.py:487} INFO - Processing files using up to 2 processes at a time 
[2026-05-11T05:49:25.243+0000] {manager.py:488} INFO - Process each file at most once every 30 seconds
[2026-05-11T05:49:25.243+0000] {manager.py:489} INFO - Checking for new files in /opt/airflow/dags every 300 seconds
[2026-05-11T05:49:25.243+0000] {manager.py:759} INFO - Searching for files in /opt/airflow/dags
[2026-05-11T05:49:25.244+0000] {manager.py:762} INFO - There are 1 files in /opt/airflow/dags
[2026-05-11T05:49:25.283+0000] {manager.py:893} INFO - 
================================================================================
DAG File Processing Stats

File Path                                    PID  Runtime      # DAGs    # Errors  Last Runtime    Last Run
-----------------------------------------  -----  ---------  --------  ----------  --------------  ----------
/opt/airflow/dags/homework_panic_meter.py    171  0.02s             0           0
================================================================================
[2026-05-11T05:49:55.502+0000] {manager.py:893} INFO - 
================================================================================
DAG File Processing Stats

File Path                                    PID  Runtime      # DAGs    # Errors  Last Runtime    Last Run
-----------------------------------------  -----  ---------  --------  ----------  --------------  -------------------
/opt/airflow/dags/homework_panic_meter.py    183  0.01s             1           0  0.06s           2026-05-11T05:49:25
================================================================================
[2026-05-11T05:50:25.804+0000] {manager.py:893} INFO - 
================================================================================
DAG File Processing Stats

File Path                                    PID  Runtime      # DAGs    # Errors  Last Runtime    Last Run
-----------------------------------------  -----  ---------  --------  ----------  --------------  -------------------
/opt/airflow/dags/homework_panic_meter.py    195  0.00s             1           0  0.07s           2026-05-11T05:49:55
================================================================================
[2026-05-11T05:50:56.100+0000] {manager.py:893} INFO - 
================================================================================
DAG File Processing Stats

File Path                                    PID  Runtime      # DAGs    # Errors  Last Runtime    Last Run
-----------------------------------------  -----  ---------  --------  ----------  --------------  -------------------
/opt/airflow/dags/homework_panic_meter.py    207  0.01s             1           0  0.09s           2026-05-11T05:50:25
================================================================================
[2026-05-11T05:51:26.365+0000] {manager.py:893} INFO - 
================================================================================
DAG File Processing Stats

File Path                                    PID  Runtime      # DAGs    # Errors  Last Runtime    Last Run
-----------------------------------------  -----  ---------  --------  ----------  --------------  -------------------
/opt/airflow/dags/homework_panic_meter.py    219  0.01s             1           0  0.08s           2026-05-11T05:50:56
================================================================================
[2026-05-11T05:51:56.655+0000] {manager.py:893} INFO - 
================================================================================
DAG File Processing Stats

File Path                                    PID  Runtime      # DAGs    # Errors  Last Runtime    Last Run
-----------------------------------------  -----  ---------  --------  ----------  --------------  -------------------
/opt/airflow/dags/homework_panic_meter.py    238  0.00s             1           0  0.08s           2026-05-11T05:51:26
================================================================================
[2026-05-11T05:52:26.952+0000] {manager.py:893} INFO - 
================================================================================
DAG File Processing Stats

File Path                                    PID  Runtime      # DAGs    # Errors  Last Runtime    Last Run
-----------------------------------------  -----  ---------  --------  ----------  --------------  -------------------
/opt/airflow/dags/homework_panic_meter.py    250  0.01s             1           0  0.07s           2026-05-11T05:51:56
================================================================================
[2026-05-11T05:52:57.215+0000] {manager.py:893} INFO - 
================================================================================
DAG File Processing Stats

File Path                                    PID  Runtime      # DAGs    # Errors  Last Runtime    Last Run
-----------------------------------------  -----  ---------  --------  ----------  --------------  -------------------
/opt/airflow/dags/homework_panic_meter.py    357  0.00s             1           0  0.07s           2026-05-11T05:52:27
================================================================================
[2026-05-11T05:53:27.485+0000] {manager.py:893} INFO - 
================================================================================
DAG File Processing Stats

File Path                                    PID  Runtime      # DAGs    # Errors  Last Runtime    Last Run
-----------------------------------------  -----  ---------  --------  ----------  --------------  -------------------
/opt/airflow/dags/homework_panic_meter.py    673  0.01s             1           0  0.07s           2026-05-11T05:52:57
================================================================================
[2026-05-11T05:53:57.789+0000] {manager.py:893} INFO - 
================================================================================
DAG File Processing Stats

File Path                                    PID  Runtime      # DAGs    # Errors  Last Runtime    Last Run
-----------------------------------------  -----  ---------  --------  ----------  --------------  -------------------
/opt/airflow/dags/homework_panic_meter.py    685  0.01s             1           0  0.09s           2026-05-11T05:53:27
================================================================================
[2026-05-11T05:54:21.941+0000] {manager.py:469} INFO - Exiting gracefully upon receiving signal 15
