[2026-05-11T05:52:56.527+0000] {taskinstance.py:1157} INFO - Dependencies all met for dep_context=non-requeueable deps ti=<TaskInstance: homework_panic_meter.run_homework_panic_meter scheduled__2026-05-10T00:00:00+00:00 [queued]>
[2026-05-11T05:52:56.531+0000] {taskinstance.py:1157} INFO - Dependencies all met for dep_context=requeueable deps ti=<TaskInstance: homework_panic_meter.run_homework_panic_meter scheduled__2026-05-10T00:00:00+00:00 [queued]>
[2026-05-11T05:52:56.532+0000] {taskinstance.py:1359} INFO - Starting attempt 1 of 1
[2026-05-11T05:52:56.539+0000] {taskinstance.py:1380} INFO - Executing <Task(SparkSubmitOperator): run_homework_panic_meter> on 2026-05-10 00:00:00+00:00
[2026-05-11T05:52:56.541+0000] {standard_task_runner.py:57} INFO - Started process 264 to run task
[2026-05-11T05:52:56.543+0000] {standard_task_runner.py:84} INFO - Running: ['***', 'tasks', 'run', 'homework_panic_meter', 'run_homework_panic_meter', 'scheduled__2026-05-10T00:00:00+00:00', '--job-id', '3', '--raw', '--subdir', 'DAGS_FOLDER/homework_panic_meter.py', '--cfg-path', '/tmp/tmpd6wyl737']
[2026-05-11T05:52:56.544+0000] {standard_task_runner.py:85} INFO - Job 3: Subtask run_homework_panic_meter
[2026-05-11T05:52:56.568+0000] {task_command.py:415} INFO - Running <TaskInstance: homework_panic_meter.run_homework_panic_meter scheduled__2026-05-10T00:00:00+00:00 [running]> on host 70496b1d9bc4
[2026-05-11T05:52:56.599+0000] {taskinstance.py:1660} INFO - Exporting env vars: AIRFLOW_CTX_DAG_OWNER='***' AIRFLOW_CTX_DAG_ID='homework_panic_meter' AIRFLOW_CTX_TASK_ID='run_homework_panic_meter' AIRFLOW_CTX_EXECUTION_DATE='2026-05-10T00:00:00+00:00' AIRFLOW_CTX_TRY_NUMBER='1' AIRFLOW_CTX_DAG_RUN_ID='scheduled__2026-05-10T00:00:00+00:00'
[2026-05-11T05:52:56.602+0000] {base.py:73} INFO - Using connection ID 'spark_local' for task execution.
[2026-05-11T05:52:56.603+0000] {spark_submit.py:341} INFO - Spark-Submit cmd: spark-submit --master spark://spark-master:7077 --name homework_panic_meter --verbose /opt/***/spark/homework_panic_meter.py --report-date 2026-05-10 --output-dir /opt/***/output
[2026-05-11T05:52:57.389+0000] {spark_submit.py:492} INFO - Using properties file: null
[2026-05-11T05:52:57.444+0000] {spark_submit.py:492} INFO - Parsed arguments:
[2026-05-11T05:52:57.445+0000] {spark_submit.py:492} INFO - master                  spark://spark-master:7077
[2026-05-11T05:52:57.445+0000] {spark_submit.py:492} INFO - remote                  null
[2026-05-11T05:52:57.445+0000] {spark_submit.py:492} INFO - deployMode              null
[2026-05-11T05:52:57.445+0000] {spark_submit.py:492} INFO - executorMemory          null
[2026-05-11T05:52:57.445+0000] {spark_submit.py:492} INFO - executorCores           null
[2026-05-11T05:52:57.445+0000] {spark_submit.py:492} INFO - totalExecutorCores      null
[2026-05-11T05:52:57.445+0000] {spark_submit.py:492} INFO - propertiesFile          null
[2026-05-11T05:52:57.446+0000] {spark_submit.py:492} INFO - driverMemory            null
[2026-05-11T05:52:57.446+0000] {spark_submit.py:492} INFO - driverCores             null
[2026-05-11T05:52:57.446+0000] {spark_submit.py:492} INFO - driverExtraClassPath    null
[2026-05-11T05:52:57.446+0000] {spark_submit.py:492} INFO - driverExtraLibraryPath  null
[2026-05-11T05:52:57.446+0000] {spark_submit.py:492} INFO - driverExtraJavaOptions  null
[2026-05-11T05:52:57.446+0000] {spark_submit.py:492} INFO - supervise               false
[2026-05-11T05:52:57.446+0000] {spark_submit.py:492} INFO - queue                   null
[2026-05-11T05:52:57.446+0000] {spark_submit.py:492} INFO - numExecutors            null
[2026-05-11T05:52:57.446+0000] {spark_submit.py:492} INFO - files                   null
[2026-05-11T05:52:57.446+0000] {spark_submit.py:492} INFO - pyFiles                 null
[2026-05-11T05:52:57.446+0000] {spark_submit.py:492} INFO - archives                null
[2026-05-11T05:52:57.446+0000] {spark_submit.py:492} INFO - mainClass               null
[2026-05-11T05:52:57.447+0000] {spark_submit.py:492} INFO - primaryResource         file:/opt/***/spark/homework_panic_meter.py
[2026-05-11T05:52:57.447+0000] {spark_submit.py:492} INFO - name                    homework_panic_meter
[2026-05-11T05:52:57.447+0000] {spark_submit.py:492} INFO - childArgs               [--report-date 2026-05-10 --output-dir /opt/***/output]
[2026-05-11T05:52:57.447+0000] {spark_submit.py:492} INFO - jars                    null
[2026-05-11T05:52:57.447+0000] {spark_submit.py:492} INFO - packages                null
[2026-05-11T05:52:57.447+0000] {spark_submit.py:492} INFO - packagesExclusions      null
[2026-05-11T05:52:57.448+0000] {spark_submit.py:492} INFO - repositories            null
[2026-05-11T05:52:57.448+0000] {spark_submit.py:492} INFO - verbose                 true
[2026-05-11T05:52:57.448+0000] {spark_submit.py:492} INFO - 
[2026-05-11T05:52:57.448+0000] {spark_submit.py:492} INFO - Spark properties used, including those specified through
[2026-05-11T05:52:57.448+0000] {spark_submit.py:492} INFO - --conf and those from the properties file null:
[2026-05-11T05:52:57.449+0000] {spark_submit.py:492} INFO - 
[2026-05-11T05:52:57.449+0000] {spark_submit.py:492} INFO - 
[2026-05-11T05:52:57.449+0000] {spark_submit.py:492} INFO - 
[2026-05-11T05:52:57.583+0000] {spark_submit.py:492} INFO - Main class:
[2026-05-11T05:52:57.584+0000] {spark_submit.py:492} INFO - org.apache.spark.deploy.PythonRunner
[2026-05-11T05:52:57.585+0000] {spark_submit.py:492} INFO - Arguments:
[2026-05-11T05:52:57.585+0000] {spark_submit.py:492} INFO - file:/opt/***/spark/homework_panic_meter.py
[2026-05-11T05:52:57.585+0000] {spark_submit.py:492} INFO - null
[2026-05-11T05:52:57.585+0000] {spark_submit.py:492} INFO - --report-date
[2026-05-11T05:52:57.586+0000] {spark_submit.py:492} INFO - 2026-05-10
[2026-05-11T05:52:57.586+0000] {spark_submit.py:492} INFO - --output-dir
[2026-05-11T05:52:57.586+0000] {spark_submit.py:492} INFO - /opt/***/output
[2026-05-11T05:52:57.587+0000] {spark_submit.py:492} INFO - Spark config:
[2026-05-11T05:52:57.587+0000] {spark_submit.py:492} INFO - (spark.app.name,homework_panic_meter)
[2026-05-11T05:52:57.588+0000] {spark_submit.py:492} INFO - (spark.app.submitTime,1778478777569)
[2026-05-11T05:52:57.588+0000] {spark_submit.py:492} INFO - (spark.master,spark://spark-master:7077)
[2026-05-11T05:52:57.588+0000] {spark_submit.py:492} INFO - (spark.submit.deployMode,client)
[2026-05-11T05:52:57.588+0000] {spark_submit.py:492} INFO - (spark.submit.pyFiles,)
[2026-05-11T05:52:57.588+0000] {spark_submit.py:492} INFO - Classpath elements:
[2026-05-11T05:52:57.589+0000] {spark_submit.py:492} INFO - 
[2026-05-11T05:52:57.589+0000] {spark_submit.py:492} INFO - 
[2026-05-11T05:52:57.589+0000] {spark_submit.py:492} INFO - 
[2026-05-11T05:52:58.188+0000] {spark_submit.py:492} INFO - 26/05/11 05:52:58 INFO SparkContext: Running Spark version 3.5.0
[2026-05-11T05:52:58.189+0000] {spark_submit.py:492} INFO - 26/05/11 05:52:58 INFO SparkContext: OS info Linux, 6.12.76-linuxkit, aarch64
[2026-05-11T05:52:58.189+0000] {spark_submit.py:492} INFO - 26/05/11 05:52:58 INFO SparkContext: Java version 11.0.31
[2026-05-11T05:52:58.224+0000] {spark_submit.py:492} INFO - 26/05/11 05:52:58 WARN NativeCodeLoader: Unable to load native-hadoop library for your platform... using builtin-java classes where applicable
[2026-05-11T05:52:58.282+0000] {spark_submit.py:492} INFO - 26/05/11 05:52:58 INFO ResourceUtils: ==============================================================
[2026-05-11T05:52:58.283+0000] {spark_submit.py:492} INFO - 26/05/11 05:52:58 INFO ResourceUtils: No custom resources configured for spark.driver.
[2026-05-11T05:52:58.283+0000] {spark_submit.py:492} INFO - 26/05/11 05:52:58 INFO ResourceUtils: ==============================================================
[2026-05-11T05:52:58.283+0000] {spark_submit.py:492} INFO - 26/05/11 05:52:58 INFO SparkContext: Submitted application: homework_panic_meter
[2026-05-11T05:52:58.293+0000] {spark_submit.py:492} INFO - 26/05/11 05:52:58 INFO ResourceProfile: Default ResourceProfile created, executor resources: Map(memory -> name: memory, amount: 1024, script: , vendor: , offHeap -> name: offHeap, amount: 0, script: , vendor: ), task resources: Map(cpus -> name: cpus, amount: 1.0)
[2026-05-11T05:52:58.298+0000] {spark_submit.py:492} INFO - 26/05/11 05:52:58 INFO ResourceProfile: Limiting resource is cpu
[2026-05-11T05:52:58.298+0000] {spark_submit.py:492} INFO - 26/05/11 05:52:58 INFO ResourceProfileManager: Added ResourceProfile id: 0
[2026-05-11T05:52:58.352+0000] {spark_submit.py:492} INFO - 26/05/11 05:52:58 INFO SecurityManager: Changing view acls to: ***
[2026-05-11T05:52:58.352+0000] {spark_submit.py:492} INFO - 26/05/11 05:52:58 INFO SecurityManager: Changing modify acls to: ***
[2026-05-11T05:52:58.353+0000] {spark_submit.py:492} INFO - 26/05/11 05:52:58 INFO SecurityManager: Changing view acls groups to:
[2026-05-11T05:52:58.353+0000] {spark_submit.py:492} INFO - 26/05/11 05:52:58 INFO SecurityManager: Changing modify acls groups to:
[2026-05-11T05:52:58.355+0000] {spark_submit.py:492} INFO - 26/05/11 05:52:58 INFO SecurityManager: SecurityManager: authentication disabled; ui acls disabled; users with view permissions: ***; groups with view permissions: EMPTY; users with modify permissions: ***; groups with modify permissions: EMPTY
[2026-05-11T05:52:58.596+0000] {spark_submit.py:492} INFO - 26/05/11 05:52:58 INFO Utils: Successfully started service 'sparkDriver' on port 38279.
[2026-05-11T05:52:58.634+0000] {spark_submit.py:492} INFO - 26/05/11 05:52:58 INFO SparkEnv: Registering MapOutputTracker
[2026-05-11T05:52:58.667+0000] {spark_submit.py:492} INFO - 26/05/11 05:52:58 INFO SparkEnv: Registering BlockManagerMaster
[2026-05-11T05:52:58.681+0000] {spark_submit.py:492} INFO - 26/05/11 05:52:58 INFO BlockManagerMasterEndpoint: Using org.apache.spark.storage.DefaultTopologyMapper for getting topology information
[2026-05-11T05:52:58.682+0000] {spark_submit.py:492} INFO - 26/05/11 05:52:58 INFO BlockManagerMasterEndpoint: BlockManagerMasterEndpoint up
[2026-05-11T05:52:58.685+0000] {spark_submit.py:492} INFO - 26/05/11 05:52:58 INFO SparkEnv: Registering BlockManagerMasterHeartbeat
[2026-05-11T05:52:58.701+0000] {spark_submit.py:492} INFO - 26/05/11 05:52:58 INFO DiskBlockManager: Created local directory at /tmp/blockmgr-e44ef308-9f09-4bd4-8706-fa9db2d1fff0
[2026-05-11T05:52:58.710+0000] {spark_submit.py:492} INFO - 26/05/11 05:52:58 INFO MemoryStore: MemoryStore started with capacity 434.4 MiB
[2026-05-11T05:52:58.721+0000] {spark_submit.py:492} INFO - 26/05/11 05:52:58 INFO SparkEnv: Registering OutputCommitCoordinator
[2026-05-11T05:52:58.798+0000] {spark_submit.py:492} INFO - 26/05/11 05:52:58 INFO JettyUtils: Start Jetty 0.0.0.0:4040 for SparkUI
[2026-05-11T05:52:58.830+0000] {spark_submit.py:492} INFO - 26/05/11 05:52:58 INFO Utils: Successfully started service 'SparkUI' on port 4040.
[2026-05-11T05:52:58.898+0000] {spark_submit.py:492} INFO - 26/05/11 05:52:58 INFO StandaloneAppClient$ClientEndpoint: Connecting to master spark://spark-master:7077...
[2026-05-11T05:52:58.926+0000] {spark_submit.py:492} INFO - 26/05/11 05:52:58 INFO TransportClientFactory: Successfully created connection to spark-master/172.18.0.3:7077 after 14 ms (0 ms spent in bootstraps)
[2026-05-11T05:52:59.012+0000] {spark_submit.py:492} INFO - 26/05/11 05:52:59 INFO StandaloneSchedulerBackend: Connected to Spark cluster with app ID app-20260511055258-0000
[2026-05-11T05:52:59.018+0000] {spark_submit.py:492} INFO - 26/05/11 05:52:59 INFO Utils: Successfully started service 'org.apache.spark.network.netty.NettyBlockTransferService' on port 37723.
[2026-05-11T05:52:59.019+0000] {spark_submit.py:492} INFO - 26/05/11 05:52:59 INFO NettyBlockTransferService: Server created on 70496b1d9bc4:37723
[2026-05-11T05:52:59.019+0000] {spark_submit.py:492} INFO - 26/05/11 05:52:59 INFO BlockManager: Using org.apache.spark.storage.RandomBlockReplicationPolicy for block replication policy
[2026-05-11T05:52:59.023+0000] {spark_submit.py:492} INFO - 26/05/11 05:52:59 INFO BlockManagerMaster: Registering BlockManager BlockManagerId(driver, 70496b1d9bc4, 37723, None)
[2026-05-11T05:52:59.026+0000] {spark_submit.py:492} INFO - 26/05/11 05:52:59 INFO BlockManagerMasterEndpoint: Registering block manager 70496b1d9bc4:37723 with 434.4 MiB RAM, BlockManagerId(driver, 70496b1d9bc4, 37723, None)
[2026-05-11T05:52:59.027+0000] {spark_submit.py:492} INFO - 26/05/11 05:52:59 INFO BlockManagerMaster: Registered BlockManager BlockManagerId(driver, 70496b1d9bc4, 37723, None)
[2026-05-11T05:52:59.028+0000] {spark_submit.py:492} INFO - 26/05/11 05:52:59 INFO BlockManager: Initialized BlockManager: BlockManagerId(driver, 70496b1d9bc4, 37723, None)
[2026-05-11T05:52:59.040+0000] {spark_submit.py:492} INFO - 26/05/11 05:52:59 INFO StandaloneAppClient$ClientEndpoint: Executor added: app-20260511055258-0000/0 on worker-20260511054846-172.18.0.4-41001 (172.18.0.4:41001) with 11 core(s)
[2026-05-11T05:52:59.042+0000] {spark_submit.py:492} INFO - 26/05/11 05:52:59 INFO StandaloneSchedulerBackend: Granted executor ID app-20260511055258-0000/0 on hostPort 172.18.0.4:41001 with 11 core(s), 1024.0 MiB RAM
[2026-05-11T05:52:59.166+0000] {spark_submit.py:492} INFO - 26/05/11 05:52:59 INFO StandaloneAppClient$ClientEndpoint: Executor updated: app-20260511055258-0000/0 is now RUNNING
[2026-05-11T05:52:59.175+0000] {spark_submit.py:492} INFO - 26/05/11 05:52:59 INFO StandaloneSchedulerBackend: SchedulerBackend is ready for scheduling beginning after reached minRegisteredResourcesRatio: 0.0
[2026-05-11T05:52:59.803+0000] {spark_submit.py:492} INFO - 26/05/11 05:52:59 INFO SharedState: Setting hive.metastore.warehouse.dir ('null') to the value of spark.sql.warehouse.dir.
[2026-05-11T05:52:59.810+0000] {spark_submit.py:492} INFO - 26/05/11 05:52:59 INFO SharedState: Warehouse path is 'file:/opt/***/spark-warehouse'.
[2026-05-11T05:53:00.486+0000] {spark_submit.py:492} INFO - 26/05/11 05:53:00 INFO StandaloneSchedulerBackend$StandaloneDriverEndpoint: Registered executor NettyRpcEndpointRef(spark-client://Executor) (172.18.0.4:44860) with ID 0,  ResourceProfileId 0
[2026-05-11T05:53:00.543+0000] {spark_submit.py:492} INFO - 26/05/11 05:53:00 INFO BlockManagerMasterEndpoint: Registering block manager 172.18.0.4:33637 with 434.4 MiB RAM, BlockManagerId(0, 172.18.0.4, 33637, None)
[2026-05-11T05:53:01.226+0000] {spark_submit.py:492} INFO - 26/05/11 05:53:01 INFO CodeGenerator: Code generated in 128.791959 ms
[2026-05-11T05:53:01.253+0000] {spark_submit.py:492} INFO - 26/05/11 05:53:01 INFO DAGScheduler: Registering RDD 6 (collect at /opt/***/spark/homework_panic_meter.py:66) as input to shuffle 0
[2026-05-11T05:53:01.257+0000] {spark_submit.py:492} INFO - 26/05/11 05:53:01 INFO DAGScheduler: Got map stage job 0 (collect at /opt/***/spark/homework_panic_meter.py:66) with 2 output partitions
[2026-05-11T05:53:01.257+0000] {spark_submit.py:492} INFO - 26/05/11 05:53:01 INFO DAGScheduler: Final stage: ShuffleMapStage 0 (collect at /opt/***/spark/homework_panic_meter.py:66)
[2026-05-11T05:53:01.258+0000] {spark_submit.py:492} INFO - 26/05/11 05:53:01 INFO DAGScheduler: Parents of final stage: List()
[2026-05-11T05:53:01.258+0000] {spark_submit.py:492} INFO - 26/05/11 05:53:01 INFO DAGScheduler: Missing parents: List()
[2026-05-11T05:53:01.259+0000] {spark_submit.py:492} INFO - 26/05/11 05:53:01 INFO DAGScheduler: Submitting ShuffleMapStage 0 (MapPartitionsRDD[6] at collect at /opt/***/spark/homework_panic_meter.py:66), which has no missing parents
[2026-05-11T05:53:01.311+0000] {spark_submit.py:492} INFO - 26/05/11 05:53:01 INFO MemoryStore: Block broadcast_0 stored as values in memory (estimated size 17.4 KiB, free 434.4 MiB)
[2026-05-11T05:53:01.326+0000] {spark_submit.py:492} INFO - 26/05/11 05:53:01 INFO MemoryStore: Block broadcast_0_piece0 stored as bytes in memory (estimated size 8.8 KiB, free 434.4 MiB)
[2026-05-11T05:53:01.327+0000] {spark_submit.py:492} INFO - 26/05/11 05:53:01 INFO BlockManagerInfo: Added broadcast_0_piece0 in memory on 70496b1d9bc4:37723 (size: 8.8 KiB, free: 434.4 MiB)
[2026-05-11T05:53:01.329+0000] {spark_submit.py:492} INFO - 26/05/11 05:53:01 INFO SparkContext: Created broadcast 0 from broadcast at DAGScheduler.scala:1580
[2026-05-11T05:53:01.336+0000] {spark_submit.py:492} INFO - 26/05/11 05:53:01 INFO DAGScheduler: Submitting 2 missing tasks from ShuffleMapStage 0 (MapPartitionsRDD[6] at collect at /opt/***/spark/homework_panic_meter.py:66) (first 15 tasks are for partitions Vector(0, 1))
[2026-05-11T05:53:01.336+0000] {spark_submit.py:492} INFO - 26/05/11 05:53:01 INFO TaskSchedulerImpl: Adding task set 0.0 with 2 tasks resource profile 0
[2026-05-11T05:53:01.349+0000] {spark_submit.py:492} INFO - 26/05/11 05:53:01 INFO TaskSetManager: Starting task 0.0 in stage 0.0 (TID 0) (172.18.0.4, executor 0, partition 0, PROCESS_LOCAL, 7648 bytes)
[2026-05-11T05:53:01.350+0000] {spark_submit.py:492} INFO - 26/05/11 05:53:01 INFO TaskSetManager: Starting task 1.0 in stage 0.0 (TID 1) (172.18.0.4, executor 0, partition 1, PROCESS_LOCAL, 7672 bytes)
[2026-05-11T05:53:01.448+0000] {spark_submit.py:492} INFO - 26/05/11 05:53:01 INFO BlockManagerInfo: Added broadcast_0_piece0 in memory on 172.18.0.4:33637 (size: 8.8 KiB, free: 434.4 MiB)
[2026-05-11T05:53:02.133+0000] {spark_submit.py:492} INFO - 26/05/11 05:53:02 INFO TaskSetManager: Finished task 1.0 in stage 0.0 (TID 1) in 783 ms on 172.18.0.4 (executor 0) (1/2)
[2026-05-11T05:53:02.134+0000] {spark_submit.py:492} INFO - 26/05/11 05:53:02 INFO TaskSetManager: Finished task 0.0 in stage 0.0 (TID 0) in 790 ms on 172.18.0.4 (executor 0) (2/2)
[2026-05-11T05:53:02.134+0000] {spark_submit.py:492} INFO - 26/05/11 05:53:02 INFO TaskSchedulerImpl: Removed TaskSet 0.0, whose tasks have all completed, from pool
[2026-05-11T05:53:02.137+0000] {spark_submit.py:492} INFO - 26/05/11 05:53:02 INFO PythonAccumulatorV2: Connected to AccumulatorServer at host: 127.0.0.1 port: 52493
[2026-05-11T05:53:02.140+0000] {spark_submit.py:492} INFO - 26/05/11 05:53:02 INFO DAGScheduler: ShuffleMapStage 0 (collect at /opt/***/spark/homework_panic_meter.py:66) finished in 0.875 s
[2026-05-11T05:53:02.140+0000] {spark_submit.py:492} INFO - 26/05/11 05:53:02 INFO DAGScheduler: looking for newly runnable stages
[2026-05-11T05:53:02.140+0000] {spark_submit.py:492} INFO - 26/05/11 05:53:02 INFO DAGScheduler: running: Set()
[2026-05-11T05:53:02.140+0000] {spark_submit.py:492} INFO - 26/05/11 05:53:02 INFO DAGScheduler: waiting: Set()
[2026-05-11T05:53:02.140+0000] {spark_submit.py:492} INFO - 26/05/11 05:53:02 INFO DAGScheduler: failed: Set()
[2026-05-11T05:53:02.167+0000] {spark_submit.py:492} INFO - 26/05/11 05:53:02 INFO CodeGenerator: Code generated in 9.783167 ms
[2026-05-11T05:53:02.184+0000] {spark_submit.py:492} INFO - 26/05/11 05:53:02 INFO SparkContext: Starting job: collect at /opt/***/spark/homework_panic_meter.py:66
[2026-05-11T05:53:02.186+0000] {spark_submit.py:492} INFO - 26/05/11 05:53:02 INFO DAGScheduler: Got job 1 (collect at /opt/***/spark/homework_panic_meter.py:66) with 1 output partitions
[2026-05-11T05:53:02.186+0000] {spark_submit.py:492} INFO - 26/05/11 05:53:02 INFO DAGScheduler: Final stage: ResultStage 2 (collect at /opt/***/spark/homework_panic_meter.py:66)
[2026-05-11T05:53:02.187+0000] {spark_submit.py:492} INFO - 26/05/11 05:53:02 INFO DAGScheduler: Parents of final stage: List(ShuffleMapStage 1)
[2026-05-11T05:53:02.187+0000] {spark_submit.py:492} INFO - 26/05/11 05:53:02 INFO DAGScheduler: Missing parents: List()
[2026-05-11T05:53:02.187+0000] {spark_submit.py:492} INFO - 26/05/11 05:53:02 INFO DAGScheduler: Submitting ResultStage 2 (MapPartitionsRDD[9] at collect at /opt/***/spark/homework_panic_meter.py:66), which has no missing parents
[2026-05-11T05:53:02.194+0000] {spark_submit.py:492} INFO - 26/05/11 05:53:02 INFO MemoryStore: Block broadcast_1 stored as values in memory (estimated size 13.7 KiB, free 434.4 MiB)
[2026-05-11T05:53:02.197+0000] {spark_submit.py:492} INFO - 26/05/11 05:53:02 INFO MemoryStore: Block broadcast_1_piece0 stored as bytes in memory (estimated size 6.4 KiB, free 434.4 MiB)
[2026-05-11T05:53:02.197+0000] {spark_submit.py:492} INFO - 26/05/11 05:53:02 INFO BlockManagerInfo: Added broadcast_1_piece0 in memory on 70496b1d9bc4:37723 (size: 6.4 KiB, free: 434.4 MiB)
[2026-05-11T05:53:02.198+0000] {spark_submit.py:492} INFO - 26/05/11 05:53:02 INFO SparkContext: Created broadcast 1 from broadcast at DAGScheduler.scala:1580
[2026-05-11T05:53:02.199+0000] {spark_submit.py:492} INFO - 26/05/11 05:53:02 INFO DAGScheduler: Submitting 1 missing tasks from ResultStage 2 (MapPartitionsRDD[9] at collect at /opt/***/spark/homework_panic_meter.py:66) (first 15 tasks are for partitions Vector(0))
[2026-05-11T05:53:02.199+0000] {spark_submit.py:492} INFO - 26/05/11 05:53:02 INFO TaskSchedulerImpl: Adding task set 2.0 with 1 tasks resource profile 0
[2026-05-11T05:53:02.203+0000] {spark_submit.py:492} INFO - 26/05/11 05:53:02 INFO TaskSetManager: Starting task 0.0 in stage 2.0 (TID 2) (172.18.0.4, executor 0, partition 0, NODE_LOCAL, 7619 bytes)
[2026-05-11T05:53:02.217+0000] {spark_submit.py:492} INFO - 26/05/11 05:53:02 INFO BlockManagerInfo: Added broadcast_1_piece0 in memory on 172.18.0.4:33637 (size: 6.4 KiB, free: 434.4 MiB)
[2026-05-11T05:53:02.256+0000] {spark_submit.py:492} INFO - 26/05/11 05:53:02 INFO MapOutputTrackerMasterEndpoint: Asked to send map output locations for shuffle 0 to 172.18.0.4:44860
[2026-05-11T05:53:02.311+0000] {spark_submit.py:492} INFO - 26/05/11 05:53:02 INFO TaskSetManager: Finished task 0.0 in stage 2.0 (TID 2) in 109 ms on 172.18.0.4 (executor 0) (1/1)
[2026-05-11T05:53:02.311+0000] {spark_submit.py:492} INFO - 26/05/11 05:53:02 INFO TaskSchedulerImpl: Removed TaskSet 2.0, whose tasks have all completed, from pool
[2026-05-11T05:53:02.312+0000] {spark_submit.py:492} INFO - 26/05/11 05:53:02 INFO DAGScheduler: ResultStage 2 (collect at /opt/***/spark/homework_panic_meter.py:66) finished in 0.121 s
[2026-05-11T05:53:02.312+0000] {spark_submit.py:492} INFO - 26/05/11 05:53:02 INFO DAGScheduler: Job 1 is finished. Cancelling potential speculative or zombie tasks for this job
[2026-05-11T05:53:02.313+0000] {spark_submit.py:492} INFO - 26/05/11 05:53:02 INFO TaskSchedulerImpl: Killing all running tasks in stage 2: Stage finished
[2026-05-11T05:53:02.314+0000] {spark_submit.py:492} INFO - 26/05/11 05:53:02 INFO DAGScheduler: Job 1 finished: collect at /opt/***/spark/homework_panic_meter.py:66, took 0.129543 s
[2026-05-11T05:53:02.361+0000] {spark_submit.py:492} INFO - 26/05/11 05:53:02 INFO CodeGenerator: Code generated in 6.837458 ms
[2026-05-11T05:53:02.372+0000] {spark_submit.py:492} INFO - 26/05/11 05:53:02 INFO CodeGenerator: Code generated in 6.129625 ms
[2026-05-11T05:53:02.391+0000] {spark_submit.py:492} INFO - 26/05/11 05:53:02 INFO SparkContext: Starting job: collect at /opt/***/spark/homework_panic_meter.py:71
[2026-05-11T05:53:02.392+0000] {spark_submit.py:492} INFO - 26/05/11 05:53:02 INFO DAGScheduler: Got job 2 (collect at /opt/***/spark/homework_panic_meter.py:71) with 2 output partitions
[2026-05-11T05:53:02.393+0000] {spark_submit.py:492} INFO - 26/05/11 05:53:02 INFO DAGScheduler: Final stage: ResultStage 3 (collect at /opt/***/spark/homework_panic_meter.py:71)
[2026-05-11T05:53:02.393+0000] {spark_submit.py:492} INFO - 26/05/11 05:53:02 INFO DAGScheduler: Parents of final stage: List()
[2026-05-11T05:53:02.393+0000] {spark_submit.py:492} INFO - 26/05/11 05:53:02 INFO DAGScheduler: Missing parents: List()
[2026-05-11T05:53:02.394+0000] {spark_submit.py:492} INFO - 26/05/11 05:53:02 INFO DAGScheduler: Submitting ResultStage 3 (MapPartitionsRDD[13] at collect at /opt/***/spark/homework_panic_meter.py:71), which has no missing parents
[2026-05-11T05:53:02.395+0000] {spark_submit.py:492} INFO - 26/05/11 05:53:02 INFO MemoryStore: Block broadcast_2 stored as values in memory (estimated size 15.7 KiB, free 434.3 MiB)
[2026-05-11T05:53:02.401+0000] {spark_submit.py:492} INFO - 26/05/11 05:53:02 INFO MemoryStore: Block broadcast_2_piece0 stored as bytes in memory (estimated size 8.0 KiB, free 434.3 MiB)
[2026-05-11T05:53:02.401+0000] {spark_submit.py:492} INFO - 26/05/11 05:53:02 INFO BlockManagerInfo: Added broadcast_2_piece0 in memory on 70496b1d9bc4:37723 (size: 8.0 KiB, free: 434.4 MiB)
[2026-05-11T05:53:02.401+0000] {spark_submit.py:492} INFO - 26/05/11 05:53:02 INFO SparkContext: Created broadcast 2 from broadcast at DAGScheduler.scala:1580
[2026-05-11T05:53:02.402+0000] {spark_submit.py:492} INFO - 26/05/11 05:53:02 INFO DAGScheduler: Submitting 2 missing tasks from ResultStage 3 (MapPartitionsRDD[13] at collect at /opt/***/spark/homework_panic_meter.py:71) (first 15 tasks are for partitions Vector(0, 1))
[2026-05-11T05:53:02.402+0000] {spark_submit.py:492} INFO - 26/05/11 05:53:02 INFO TaskSchedulerImpl: Adding task set 3.0 with 2 tasks resource profile 0
[2026-05-11T05:53:02.403+0000] {spark_submit.py:492} INFO - 26/05/11 05:53:02 INFO TaskSetManager: Starting task 0.0 in stage 3.0 (TID 3) (172.18.0.4, executor 0, partition 0, PROCESS_LOCAL, 7659 bytes)
[2026-05-11T05:53:02.403+0000] {spark_submit.py:492} INFO - 26/05/11 05:53:02 INFO TaskSetManager: Starting task 1.0 in stage 3.0 (TID 4) (172.18.0.4, executor 0, partition 1, PROCESS_LOCAL, 7683 bytes)
[2026-05-11T05:53:02.416+0000] {spark_submit.py:492} INFO - 26/05/11 05:53:02 INFO BlockManagerInfo: Removed broadcast_0_piece0 on 70496b1d9bc4:37723 in memory (size: 8.8 KiB, free: 434.4 MiB)
[2026-05-11T05:53:02.422+0000] {spark_submit.py:492} INFO - 26/05/11 05:53:02 INFO BlockManagerInfo: Added broadcast_2_piece0 in memory on 172.18.0.4:33637 (size: 8.0 KiB, free: 434.4 MiB)
[2026-05-11T05:53:02.423+0000] {spark_submit.py:492} INFO - 26/05/11 05:53:02 INFO BlockManagerInfo: Removed broadcast_0_piece0 on 172.18.0.4:33637 in memory (size: 8.8 KiB, free: 434.4 MiB)
[2026-05-11T05:53:02.430+0000] {spark_submit.py:492} INFO - 26/05/11 05:53:02 INFO BlockManagerInfo: Removed broadcast_1_piece0 on 70496b1d9bc4:37723 in memory (size: 6.4 KiB, free: 434.4 MiB)
[2026-05-11T05:53:02.433+0000] {spark_submit.py:492} INFO - 26/05/11 05:53:02 INFO BlockManagerInfo: Removed broadcast_1_piece0 on 172.18.0.4:33637 in memory (size: 6.4 KiB, free: 434.4 MiB)
[2026-05-11T05:53:02.509+0000] {spark_submit.py:492} INFO - 26/05/11 05:53:02 INFO TaskSetManager: Finished task 1.0 in stage 3.0 (TID 4) in 106 ms on 172.18.0.4 (executor 0) (1/2)
[2026-05-11T05:53:02.509+0000] {spark_submit.py:492} INFO - 26/05/11 05:53:02 INFO TaskSetManager: Finished task 0.0 in stage 3.0 (TID 3) in 106 ms on 172.18.0.4 (executor 0) (2/2)
[2026-05-11T05:53:02.510+0000] {spark_submit.py:492} INFO - 26/05/11 05:53:02 INFO TaskSchedulerImpl: Removed TaskSet 3.0, whose tasks have all completed, from pool
[2026-05-11T05:53:02.510+0000] {spark_submit.py:492} INFO - 26/05/11 05:53:02 INFO DAGScheduler: ResultStage 3 (collect at /opt/***/spark/homework_panic_meter.py:71) finished in 0.116 s
[2026-05-11T05:53:02.511+0000] {spark_submit.py:492} INFO - 26/05/11 05:53:02 INFO DAGScheduler: Job 2 is finished. Cancelling potential speculative or zombie tasks for this job
[2026-05-11T05:53:02.512+0000] {spark_submit.py:492} INFO - 26/05/11 05:53:02 INFO TaskSchedulerImpl: Killing all running tasks in stage 3: Stage finished
[2026-05-11T05:53:02.512+0000] {spark_submit.py:492} INFO - 26/05/11 05:53:02 INFO DAGScheduler: Job 2 finished: collect at /opt/***/spark/homework_panic_meter.py:71, took 0.119430 s
[2026-05-11T05:53:02.515+0000] {spark_submit.py:492} INFO - 26/05/11 05:53:02 INFO DAGScheduler: Registering RDD 14 (collect at /opt/***/spark/homework_panic_meter.py:71) as input to shuffle 1
[2026-05-11T05:53:02.515+0000] {spark_submit.py:492} INFO - 26/05/11 05:53:02 INFO DAGScheduler: Got map stage job 3 (collect at /opt/***/spark/homework_panic_meter.py:71) with 2 output partitions
[2026-05-11T05:53:02.515+0000] {spark_submit.py:492} INFO - 26/05/11 05:53:02 INFO DAGScheduler: Final stage: ShuffleMapStage 4 (collect at /opt/***/spark/homework_panic_meter.py:71)
[2026-05-11T05:53:02.515+0000] {spark_submit.py:492} INFO - 26/05/11 05:53:02 INFO DAGScheduler: Parents of final stage: List()
[2026-05-11T05:53:02.516+0000] {spark_submit.py:492} INFO - 26/05/11 05:53:02 INFO DAGScheduler: Missing parents: List()
[2026-05-11T05:53:02.516+0000] {spark_submit.py:492} INFO - 26/05/11 05:53:02 INFO DAGScheduler: Submitting ShuffleMapStage 4 (MapPartitionsRDD[14] at collect at /opt/***/spark/homework_panic_meter.py:71), which has no missing parents
[2026-05-11T05:53:02.521+0000] {spark_submit.py:492} INFO - 26/05/11 05:53:02 INFO MemoryStore: Block broadcast_3 stored as values in memory (estimated size 17.6 KiB, free 434.4 MiB)
[2026-05-11T05:53:02.522+0000] {spark_submit.py:492} INFO - 26/05/11 05:53:02 INFO MemoryStore: Block broadcast_3_piece0 stored as bytes in memory (estimated size 9.0 KiB, free 434.4 MiB)
[2026-05-11T05:53:02.523+0000] {spark_submit.py:492} INFO - 26/05/11 05:53:02 INFO BlockManagerInfo: Added broadcast_3_piece0 in memory on 70496b1d9bc4:37723 (size: 9.0 KiB, free: 434.4 MiB)
[2026-05-11T05:53:02.523+0000] {spark_submit.py:492} INFO - 26/05/11 05:53:02 INFO SparkContext: Created broadcast 3 from broadcast at DAGScheduler.scala:1580
[2026-05-11T05:53:02.523+0000] {spark_submit.py:492} INFO - 26/05/11 05:53:02 INFO DAGScheduler: Submitting 2 missing tasks from ShuffleMapStage 4 (MapPartitionsRDD[14] at collect at /opt/***/spark/homework_panic_meter.py:71) (first 15 tasks are for partitions Vector(0, 1))
[2026-05-11T05:53:02.523+0000] {spark_submit.py:492} INFO - 26/05/11 05:53:02 INFO TaskSchedulerImpl: Adding task set 4.0 with 2 tasks resource profile 0
[2026-05-11T05:53:02.524+0000] {spark_submit.py:492} INFO - 26/05/11 05:53:02 INFO TaskSetManager: Starting task 0.0 in stage 4.0 (TID 5) (172.18.0.4, executor 0, partition 0, PROCESS_LOCAL, 7648 bytes)
[2026-05-11T05:53:02.525+0000] {spark_submit.py:492} INFO - 26/05/11 05:53:02 INFO TaskSetManager: Starting task 1.0 in stage 4.0 (TID 6) (172.18.0.4, executor 0, partition 1, PROCESS_LOCAL, 7672 bytes)
[2026-05-11T05:53:02.535+0000] {spark_submit.py:492} INFO - 26/05/11 05:53:02 INFO BlockManagerInfo: Added broadcast_3_piece0 in memory on 172.18.0.4:33637 (size: 9.0 KiB, free: 434.4 MiB)
[2026-05-11T05:53:02.610+0000] {spark_submit.py:492} INFO - 26/05/11 05:53:02 INFO TaskSetManager: Finished task 1.0 in stage 4.0 (TID 6) in 86 ms on 172.18.0.4 (executor 0) (1/2)
[2026-05-11T05:53:02.611+0000] {spark_submit.py:492} INFO - 26/05/11 05:53:02 INFO TaskSetManager: Finished task 0.0 in stage 4.0 (TID 5) in 87 ms on 172.18.0.4 (executor 0) (2/2)
[2026-05-11T05:53:02.611+0000] {spark_submit.py:492} INFO - 26/05/11 05:53:02 INFO TaskSchedulerImpl: Removed TaskSet 4.0, whose tasks have all completed, from pool
[2026-05-11T05:53:02.612+0000] {spark_submit.py:492} INFO - 26/05/11 05:53:02 INFO DAGScheduler: ShuffleMapStage 4 (collect at /opt/***/spark/homework_panic_meter.py:71) finished in 0.095 s
[2026-05-11T05:53:02.612+0000] {spark_submit.py:492} INFO - 26/05/11 05:53:02 INFO DAGScheduler: looking for newly runnable stages
[2026-05-11T05:53:02.612+0000] {spark_submit.py:492} INFO - 26/05/11 05:53:02 INFO DAGScheduler: running: Set()
[2026-05-11T05:53:02.612+0000] {spark_submit.py:492} INFO - 26/05/11 05:53:02 INFO DAGScheduler: waiting: Set()
[2026-05-11T05:53:02.612+0000] {spark_submit.py:492} INFO - 26/05/11 05:53:02 INFO DAGScheduler: failed: Set()
[2026-05-11T05:53:02.618+0000] {spark_submit.py:492} INFO - 26/05/11 05:53:02 INFO ShufflePartitionsUtil: For shuffle(1), advisory target size: 67108864, actual target size 1048576, minimum partition size: 1048576
[2026-05-11T05:53:02.632+0000] {spark_submit.py:492} INFO - 26/05/11 05:53:02 INFO CodeGenerator: Code generated in 7.282042 ms
[2026-05-11T05:53:02.646+0000] {spark_submit.py:492} INFO - 26/05/11 05:53:02 INFO SparkContext: Starting job: collect at /opt/***/spark/homework_panic_meter.py:71
[2026-05-11T05:53:02.647+0000] {spark_submit.py:492} INFO - 26/05/11 05:53:02 INFO DAGScheduler: Got job 4 (collect at /opt/***/spark/homework_panic_meter.py:71) with 1 output partitions
[2026-05-11T05:53:02.648+0000] {spark_submit.py:492} INFO - 26/05/11 05:53:02 INFO DAGScheduler: Final stage: ResultStage 6 (collect at /opt/***/spark/homework_panic_meter.py:71)
[2026-05-11T05:53:02.648+0000] {spark_submit.py:492} INFO - 26/05/11 05:53:02 INFO DAGScheduler: Parents of final stage: List(ShuffleMapStage 5)
[2026-05-11T05:53:02.648+0000] {spark_submit.py:492} INFO - 26/05/11 05:53:02 INFO DAGScheduler: Missing parents: List()
[2026-05-11T05:53:02.648+0000] {spark_submit.py:492} INFO - 26/05/11 05:53:02 INFO DAGScheduler: Submitting ResultStage 6 (MapPartitionsRDD[17] at collect at /opt/***/spark/homework_panic_meter.py:71), which has no missing parents
[2026-05-11T05:53:02.650+0000] {spark_submit.py:492} INFO - 26/05/11 05:53:02 INFO MemoryStore: Block broadcast_4 stored as values in memory (estimated size 28.8 KiB, free 434.3 MiB)
[2026-05-11T05:53:02.654+0000] {spark_submit.py:492} INFO - 26/05/11 05:53:02 INFO MemoryStore: Block broadcast_4_piece0 stored as bytes in memory (estimated size 14.3 KiB, free 434.3 MiB)
[2026-05-11T05:53:02.655+0000] {spark_submit.py:492} INFO - 26/05/11 05:53:02 INFO BlockManagerInfo: Added broadcast_4_piece0 in memory on 70496b1d9bc4:37723 (size: 14.3 KiB, free: 434.4 MiB)
[2026-05-11T05:53:02.656+0000] {spark_submit.py:492} INFO - 26/05/11 05:53:02 INFO BlockManagerInfo: Removed broadcast_3_piece0 on 70496b1d9bc4:37723 in memory (size: 9.0 KiB, free: 434.4 MiB)
[2026-05-11T05:53:02.656+0000] {spark_submit.py:492} INFO - 26/05/11 05:53:02 INFO SparkContext: Created broadcast 4 from broadcast at DAGScheduler.scala:1580
[2026-05-11T05:53:02.657+0000] {spark_submit.py:492} INFO - 26/05/11 05:53:02 INFO DAGScheduler: Submitting 1 missing tasks from ResultStage 6 (MapPartitionsRDD[17] at collect at /opt/***/spark/homework_panic_meter.py:71) (first 15 tasks are for partitions Vector(0))
[2026-05-11T05:53:02.659+0000] {spark_submit.py:492} INFO - 26/05/11 05:53:02 INFO TaskSchedulerImpl: Adding task set 6.0 with 1 tasks resource profile 0
[2026-05-11T05:53:02.660+0000] {spark_submit.py:492} INFO - 26/05/11 05:53:02 INFO TaskSetManager: Starting task 0.0 in stage 6.0 (TID 7) (172.18.0.4, executor 0, partition 0, NODE_LOCAL, 7619 bytes)
[2026-05-11T05:53:02.660+0000] {spark_submit.py:492} INFO - 26/05/11 05:53:02 INFO BlockManagerInfo: Removed broadcast_3_piece0 on 172.18.0.4:33637 in memory (size: 9.0 KiB, free: 434.4 MiB)
[2026-05-11T05:53:02.671+0000] {spark_submit.py:492} INFO - 26/05/11 05:53:02 INFO BlockManagerInfo: Removed broadcast_2_piece0 on 70496b1d9bc4:37723 in memory (size: 8.0 KiB, free: 434.4 MiB)
[2026-05-11T05:53:02.674+0000] {spark_submit.py:492} INFO - 26/05/11 05:53:02 INFO BlockManagerInfo: Removed broadcast_2_piece0 on 172.18.0.4:33637 in memory (size: 8.0 KiB, free: 434.4 MiB)
[2026-05-11T05:53:02.679+0000] {spark_submit.py:492} INFO - 26/05/11 05:53:02 INFO BlockManagerInfo: Added broadcast_4_piece0 in memory on 172.18.0.4:33637 (size: 14.3 KiB, free: 434.4 MiB)
[2026-05-11T05:53:02.699+0000] {spark_submit.py:492} INFO - 26/05/11 05:53:02 INFO MapOutputTrackerMasterEndpoint: Asked to send map output locations for shuffle 1 to 172.18.0.4:44860
[2026-05-11T05:53:02.760+0000] {spark_submit.py:492} INFO - 26/05/11 05:53:02 INFO TaskSetManager: Finished task 0.0 in stage 6.0 (TID 7) in 100 ms on 172.18.0.4 (executor 0) (1/1)
[2026-05-11T05:53:02.760+0000] {spark_submit.py:492} INFO - 26/05/11 05:53:02 INFO TaskSchedulerImpl: Removed TaskSet 6.0, whose tasks have all completed, from pool
[2026-05-11T05:53:02.760+0000] {spark_submit.py:492} INFO - 26/05/11 05:53:02 INFO DAGScheduler: ResultStage 6 (collect at /opt/***/spark/homework_panic_meter.py:71) finished in 0.111 s
[2026-05-11T05:53:02.761+0000] {spark_submit.py:492} INFO - 26/05/11 05:53:02 INFO DAGScheduler: Job 4 is finished. Cancelling potential speculative or zombie tasks for this job
[2026-05-11T05:53:02.761+0000] {spark_submit.py:492} INFO - 26/05/11 05:53:02 INFO TaskSchedulerImpl: Killing all running tasks in stage 6: Stage finished
[2026-05-11T05:53:02.761+0000] {spark_submit.py:492} INFO - 26/05/11 05:53:02 INFO DAGScheduler: Job 4 finished: collect at /opt/***/spark/homework_panic_meter.py:71, took 0.114337 s
[2026-05-11T05:53:02.765+0000] {spark_submit.py:492} INFO - Отчет записан в /opt/***/output/homework_panic_2026-05-10.md
[2026-05-11T05:53:02.766+0000] {spark_submit.py:492} INFO - 26/05/11 05:53:02 INFO SparkContext: SparkContext is stopping with exitCode 0.
[2026-05-11T05:53:02.770+0000] {spark_submit.py:492} INFO - 26/05/11 05:53:02 INFO SparkUI: Stopped Spark web UI at http://70496b1d9bc4:4040
[2026-05-11T05:53:02.772+0000] {spark_submit.py:492} INFO - 26/05/11 05:53:02 INFO StandaloneSchedulerBackend: Shutting down all executors
[2026-05-11T05:53:02.772+0000] {spark_submit.py:492} INFO - 26/05/11 05:53:02 INFO StandaloneSchedulerBackend$StandaloneDriverEndpoint: Asking each executor to shut down
[2026-05-11T05:53:02.784+0000] {spark_submit.py:492} INFO - 26/05/11 05:53:02 INFO MapOutputTrackerMasterEndpoint: MapOutputTrackerMasterEndpoint stopped!
[2026-05-11T05:53:02.800+0000] {spark_submit.py:492} INFO - 26/05/11 05:53:02 INFO MemoryStore: MemoryStore cleared
[2026-05-11T05:53:02.801+0000] {spark_submit.py:492} INFO - 26/05/11 05:53:02 INFO BlockManager: BlockManager stopped
[2026-05-11T05:53:02.804+0000] {spark_submit.py:492} INFO - 26/05/11 05:53:02 INFO BlockManagerMaster: BlockManagerMaster stopped
[2026-05-11T05:53:02.811+0000] {spark_submit.py:492} INFO - 26/05/11 05:53:02 INFO OutputCommitCoordinator$OutputCommitCoordinatorEndpoint: OutputCommitCoordinator stopped!
[2026-05-11T05:53:02.823+0000] {spark_submit.py:492} INFO - 26/05/11 05:53:02 INFO SparkContext: Successfully stopped SparkContext
[2026-05-11T05:53:03.812+0000] {spark_submit.py:492} INFO - 26/05/11 05:53:03 INFO ShutdownHookManager: Shutdown hook called
[2026-05-11T05:53:03.812+0000] {spark_submit.py:492} INFO - 26/05/11 05:53:03 INFO ShutdownHookManager: Deleting directory /tmp/spark-b47bce04-50ea-4edb-a093-46846dfa6125
[2026-05-11T05:53:03.814+0000] {spark_submit.py:492} INFO - 26/05/11 05:53:03 INFO ShutdownHookManager: Deleting directory /tmp/spark-a0a62342-3ec5-4eef-8d5e-f70b2efa53ca
[2026-05-11T05:53:03.816+0000] {spark_submit.py:492} INFO - 26/05/11 05:53:03 INFO ShutdownHookManager: Deleting directory /tmp/spark-a0a62342-3ec5-4eef-8d5e-f70b2efa53ca/pyspark-16b5db3b-a041-491e-97a0-2b66d96ad119
[2026-05-11T05:53:03.842+0000] {taskinstance.py:1398} INFO - Marking task as SUCCESS. dag_id=homework_panic_meter, task_id=run_homework_panic_meter, execution_date=20260510T000000, start_date=20260511T055256, end_date=20260511T055303
[2026-05-11T05:53:03.867+0000] {local_task_job_runner.py:228} INFO - Task exited with return code 0
[2026-05-11T05:53:03.888+0000] {taskinstance.py:2776} INFO - 0 downstream tasks scheduled from follow-on schedule check
