[2026-05-11T07:55:44.746+0000] {manager.py:487} INFO - Processing files using up to 2 processes at a time 
[2026-05-11T07:55:44.747+0000] {manager.py:488} INFO - Process each file at most once every 30 seconds
[2026-05-11T07:55:44.747+0000] {manager.py:489} INFO - Checking for new files in /opt/airflow/dags every 300 seconds
[2026-05-11T07:55:44.748+0000] {manager.py:759} INFO - Searching for files in /opt/airflow/dags
[2026-05-11T07:55:44.750+0000] {manager.py:762} INFO - There are 1 files in /opt/airflow/dags
[2026-05-11T07:55:44.808+0000] {manager.py:893} INFO - 
================================================================================
DAG File Processing Stats

File Path                                    PID  Runtime      # DAGs    # Errors  Last Runtime    Last Run
-----------------------------------------  -----  ---------  --------  ----------  --------------  ----------
/opt/airflow/dags/homework_panic_meter.py    169  0.03s             0           0
================================================================================
[2026-05-11T07:56:15.051+0000] {manager.py:893} INFO - 
================================================================================
DAG File Processing Stats

File Path                                    PID  Runtime      # DAGs    # Errors  Last Runtime    Last Run
-----------------------------------------  -----  ---------  --------  ----------  --------------  -------------------
/opt/airflow/dags/homework_panic_meter.py    188  0.01s             1           0  0.07s           2026-05-11T07:55:44
================================================================================
[2026-05-11T07:56:45.300+0000] {manager.py:893} INFO - 
================================================================================
DAG File Processing Stats

File Path                                    PID  Runtime      # DAGs    # Errors  Last Runtime    Last Run
-----------------------------------------  -----  ---------  --------  ----------  --------------  -------------------
/opt/airflow/dags/homework_panic_meter.py    201  0.01s             1           0  0.12s           2026-05-11T07:56:15
================================================================================
[2026-05-11T07:57:15.706+0000] {manager.py:893} INFO - 
================================================================================
DAG File Processing Stats

File Path                                    PID  Runtime      # DAGs    # Errors  Last Runtime    Last Run
-----------------------------------------  -----  ---------  --------  ----------  --------------  -------------------
/opt/airflow/dags/homework_panic_meter.py    213  0.01s             1           0  0.10s           2026-05-11T07:56:45
================================================================================
[2026-05-11T07:57:46.010+0000] {manager.py:893} INFO - 
================================================================================
DAG File Processing Stats

File Path                                    PID  Runtime      # DAGs    # Errors  Last Runtime    Last Run
-----------------------------------------  -----  ---------  --------  ----------  --------------  -------------------
/opt/airflow/dags/homework_panic_meter.py    225  0.01s             1           0  0.09s           2026-05-11T07:57:15
================================================================================
[2026-05-11T07:58:16.340+0000] {manager.py:893} INFO - 
================================================================================
DAG File Processing Stats

File Path                                    PID  Runtime      # DAGs    # Errors  Last Runtime    Last Run
-----------------------------------------  -----  ---------  --------  ----------  --------------  -------------------
/opt/airflow/dags/homework_panic_meter.py    237  0.01s             1           0  0.08s           2026-05-11T07:57:46
================================================================================
[2026-05-11T07:58:46.662+0000] {manager.py:893} INFO - 
================================================================================
DAG File Processing Stats

File Path                                    PID  Runtime      # DAGs    # Errors  Last Runtime    Last Run
-----------------------------------------  -----  ---------  --------  ----------  --------------  -------------------
/opt/airflow/dags/homework_panic_meter.py    249  0.00s             1           0  0.09s           2026-05-11T07:58:16
================================================================================
[2026-05-11T07:59:17.000+0000] {manager.py:893} INFO - 
================================================================================
DAG File Processing Stats

File Path                                    PID  Runtime      # DAGs    # Errors  Last Runtime    Last Run
-----------------------------------------  -----  ---------  --------  ----------  --------------  -------------------
/opt/airflow/dags/homework_panic_meter.py    261  0.01s             1           0  0.06s           2026-05-11T07:58:46
================================================================================
[2026-05-11T07:59:47.294+0000] {manager.py:893} INFO - 
================================================================================
DAG File Processing Stats

File Path                                    PID  Runtime      # DAGs    # Errors  Last Runtime    Last Run
-----------------------------------------  -----  ---------  --------  ----------  --------------  -------------------
/opt/airflow/dags/homework_panic_meter.py    273  0.01s             1           0  0.10s           2026-05-11T07:59:17
================================================================================
[2026-05-11T08:00:17.617+0000] {manager.py:893} INFO - 
================================================================================
DAG File Processing Stats

File Path                                    PID  Runtime      # DAGs    # Errors  Last Runtime    Last Run
-----------------------------------------  -----  ---------  --------  ----------  --------------  -------------------
/opt/airflow/dags/homework_panic_meter.py    285  0.01s             1           0  0.09s           2026-05-11T07:59:47
================================================================================
[2026-05-11T08:00:44.914+0000] {manager.py:759} INFO - Searching for files in /opt/airflow/dags
[2026-05-11T08:00:44.921+0000] {manager.py:762} INFO - There are 1 files in /opt/airflow/dags
[2026-05-11T08:00:47.981+0000] {manager.py:893} INFO - 
================================================================================
DAG File Processing Stats

File Path                                    PID  Runtime      # DAGs    # Errors  Last Runtime    Last Run
-----------------------------------------  -----  ---------  --------  ----------  --------------  -------------------
/opt/airflow/dags/homework_panic_meter.py    297  0.01s             1           0  0.08s           2026-05-11T08:00:17
================================================================================
[2026-05-11T08:01:18.262+0000] {manager.py:893} INFO - 
================================================================================
DAG File Processing Stats

File Path                                    PID  Runtime      # DAGs    # Errors  Last Runtime    Last Run
-----------------------------------------  -----  ---------  --------  ----------  --------------  -------------------
/opt/airflow/dags/homework_panic_meter.py    309  0.01s             1           0  0.09s           2026-05-11T08:00:48
================================================================================
[2026-05-11T08:01:48.543+0000] {manager.py:893} INFO - 
================================================================================
DAG File Processing Stats

File Path                                    PID  Runtime      # DAGs    # Errors  Last Runtime    Last Run
-----------------------------------------  -----  ---------  --------  ----------  --------------  -------------------
/opt/airflow/dags/homework_panic_meter.py    321  0.01s             1           0  0.08s           2026-05-11T08:01:18
================================================================================
[2026-05-11T08:02:18.895+0000] {manager.py:893} INFO - 
================================================================================
DAG File Processing Stats

File Path                                    PID  Runtime      # DAGs    # Errors  Last Runtime    Last Run
-----------------------------------------  -----  ---------  --------  ----------  --------------  -------------------
/opt/airflow/dags/homework_panic_meter.py    333  0.01s             1           0  0.09s           2026-05-11T08:01:48
================================================================================
[2026-05-11T08:02:49.166+0000] {manager.py:893} INFO - 
================================================================================
DAG File Processing Stats

File Path                                    PID  Runtime      # DAGs    # Errors  Last Runtime    Last Run
-----------------------------------------  -----  ---------  --------  ----------  --------------  -------------------
/opt/airflow/dags/homework_panic_meter.py    727  0.01s             1           0  0.11s           2026-05-11T08:02:18
================================================================================
[2026-05-11T08:03:19.464+0000] {manager.py:893} INFO - 
================================================================================
DAG File Processing Stats

File Path                                    PID  Runtime      # DAGs    # Errors  Last Runtime    Last Run
-----------------------------------------  -----  ---------  --------  ----------  --------------  -------------------
/opt/airflow/dags/homework_panic_meter.py    739  0.00s             1           0  0.08s           2026-05-11T08:02:49
================================================================================
[2026-05-11T08:03:49.782+0000] {manager.py:893} INFO - 
================================================================================
DAG File Processing Stats

File Path                                    PID  Runtime      # DAGs    # Errors  Last Runtime    Last Run
-----------------------------------------  -----  ---------  --------  ----------  --------------  -------------------
/opt/airflow/dags/homework_panic_meter.py    751  0.01s             1           0  0.07s           2026-05-11T08:03:19
================================================================================
[2026-05-11T08:04:20.086+0000] {manager.py:893} INFO - 
================================================================================
DAG File Processing Stats

File Path                                    PID  Runtime      # DAGs    # Errors  Last Runtime    Last Run
-----------------------------------------  -----  ---------  --------  ----------  --------------  -------------------
/opt/airflow/dags/homework_panic_meter.py    763  0.01s             1           0  0.10s           2026-05-11T08:03:49
================================================================================
[2026-05-11T08:04:50.433+0000] {manager.py:893} INFO - 
================================================================================
DAG File Processing Stats

File Path                                    PID  Runtime      # DAGs    # Errors  Last Runtime    Last Run
-----------------------------------------  -----  ---------  --------  ----------  --------------  -------------------
/opt/airflow/dags/homework_panic_meter.py    775  0.01s             1           0  0.13s           2026-05-11T08:04:20
================================================================================
[2026-05-11T08:05:20.702+0000] {manager.py:893} INFO - 
================================================================================
DAG File Processing Stats

File Path                                    PID  Runtime      # DAGs    # Errors  Last Runtime    Last Run
-----------------------------------------  -----  ---------  --------  ----------  --------------  -------------------
/opt/airflow/dags/homework_panic_meter.py    787  0.01s             1           0  0.09s           2026-05-11T08:04:50
================================================================================
[2026-05-11T08:05:45.014+0000] {manager.py:759} INFO - Searching for files in /opt/airflow/dags
[2026-05-11T08:05:45.017+0000] {manager.py:762} INFO - There are 1 files in /opt/airflow/dags
[2026-05-11T08:05:51.096+0000] {manager.py:893} INFO - 
================================================================================
DAG File Processing Stats

File Path                                    PID  Runtime      # DAGs    # Errors  Last Runtime    Last Run
-----------------------------------------  -----  ---------  --------  ----------  --------------  -------------------
/opt/airflow/dags/homework_panic_meter.py    799  0.01s             1           0  0.09s           2026-05-11T08:05:20
================================================================================
[2026-05-11T08:06:21.439+0000] {manager.py:893} INFO - 
================================================================================
DAG File Processing Stats

File Path                                    PID  Runtime      # DAGs    # Errors  Last Runtime    Last Run
-----------------------------------------  -----  ---------  --------  ----------  --------------  -------------------
/opt/airflow/dags/homework_panic_meter.py    811  0.01s             1           0  0.07s           2026-05-11T08:05:51
================================================================================
[2026-05-11T08:06:51.720+0000] {manager.py:893} INFO - 
================================================================================
DAG File Processing Stats

File Path                                    PID  Runtime      # DAGs    # Errors  Last Runtime    Last Run
-----------------------------------------  -----  ---------  --------  ----------  --------------  -------------------
/opt/airflow/dags/homework_panic_meter.py    823  0.01s             1           0  0.09s           2026-05-11T08:06:21
================================================================================
[2026-05-11T08:07:22.006+0000] {manager.py:893} INFO - 
================================================================================
DAG File Processing Stats

File Path                                    PID  Runtime      # DAGs    # Errors  Last Runtime    Last Run
-----------------------------------------  -----  ---------  --------  ----------  --------------  -------------------
/opt/airflow/dags/homework_panic_meter.py    835  0.01s             1           0  0.12s           2026-05-11T08:06:51
================================================================================
[2026-05-11T08:07:52.312+0000] {manager.py:893} INFO - 
================================================================================
DAG File Processing Stats

File Path                                    PID  Runtime      # DAGs    # Errors  Last Runtime    Last Run
-----------------------------------------  -----  ---------  --------  ----------  --------------  -------------------
/opt/airflow/dags/homework_panic_meter.py    847  0.00s             1           0  0.09s           2026-05-11T08:07:22
================================================================================
[2026-05-11T08:08:22.608+0000] {manager.py:893} INFO - 
================================================================================
DAG File Processing Stats

File Path                                    PID  Runtime      # DAGs    # Errors  Last Runtime    Last Run
-----------------------------------------  -----  ---------  --------  ----------  --------------  -------------------
/opt/airflow/dags/homework_panic_meter.py    859  0.00s             1           0  0.07s           2026-05-11T08:07:52
================================================================================
[2026-05-11T08:08:52.883+0000] {manager.py:893} INFO - 
================================================================================
DAG File Processing Stats

File Path                                    PID  Runtime      # DAGs    # Errors  Last Runtime    Last Run
-----------------------------------------  -----  ---------  --------  ----------  --------------  -------------------
/opt/airflow/dags/homework_panic_meter.py    871  0.01s             1           0  0.08s           2026-05-11T08:08:22
================================================================================
[2026-05-11T08:09:23.182+0000] {manager.py:893} INFO - 
================================================================================
DAG File Processing Stats

File Path                                    PID  Runtime      # DAGs    # Errors  Last Runtime    Last Run
-----------------------------------------  -----  ---------  --------  ----------  --------------  -------------------
/opt/airflow/dags/homework_panic_meter.py    883  0.00s             1           0  0.07s           2026-05-11T08:08:52
================================================================================
