[2026-05-11T05:52:56.523+0000] {taskinstance.py:1157} INFO - Dependencies all met for dep_context=non-requeueable deps ti=<TaskInstance: homework_panic_meter.run_homework_panic_meter manual__2026-05-11T05:52:55.806317+00:00 [queued]>
[2026-05-11T05:52:56.528+0000] {taskinstance.py:1157} INFO - Dependencies all met for dep_context=requeueable deps ti=<TaskInstance: homework_panic_meter.run_homework_panic_meter manual__2026-05-11T05:52:55.806317+00:00 [queued]>
[2026-05-11T05:52:56.529+0000] {taskinstance.py:1359} INFO - Starting attempt 1 of 1
[2026-05-11T05:52:56.535+0000] {taskinstance.py:1380} INFO - Executing <Task(SparkSubmitOperator): run_homework_panic_meter> on 2026-05-11 05:52:55.806317+00:00
[2026-05-11T05:52:56.538+0000] {standard_task_runner.py:57} INFO - Started process 257 to run task
[2026-05-11T05:52:56.540+0000] {standard_task_runner.py:84} INFO - Running: ['***', 'tasks', 'run', 'homework_panic_meter', 'run_homework_panic_meter', 'manual__2026-05-11T05:52:55.806317+00:00', '--job-id', '2', '--raw', '--subdir', 'DAGS_FOLDER/homework_panic_meter.py', '--cfg-path', '/tmp/tmp45a0ya71']
[2026-05-11T05:52:56.542+0000] {standard_task_runner.py:85} INFO - Job 2: Subtask run_homework_panic_meter
[2026-05-11T05:52:56.566+0000] {task_command.py:415} INFO - Running <TaskInstance: homework_panic_meter.run_homework_panic_meter manual__2026-05-11T05:52:55.806317+00:00 [running]> on host 70496b1d9bc4
[2026-05-11T05:52:56.599+0000] {taskinstance.py:1660} INFO - Exporting env vars: AIRFLOW_CTX_DAG_OWNER='***' AIRFLOW_CTX_DAG_ID='homework_panic_meter' AIRFLOW_CTX_TASK_ID='run_homework_panic_meter' AIRFLOW_CTX_EXECUTION_DATE='2026-05-11T05:52:55.806317+00:00' AIRFLOW_CTX_TRY_NUMBER='1' AIRFLOW_CTX_DAG_RUN_ID='manual__2026-05-11T05:52:55.806317+00:00'
[2026-05-11T05:52:56.602+0000] {base.py:73} INFO - Using connection ID 'spark_local' for task execution.
[2026-05-11T05:52:56.603+0000] {spark_submit.py:341} INFO - Spark-Submit cmd: spark-submit --master spark://spark-master:7077 --name homework_panic_meter --verbose /opt/***/spark/homework_panic_meter.py --report-date 2026-05-11 --output-dir /opt/***/output
[2026-05-11T05:52:57.390+0000] {spark_submit.py:492} INFO - Using properties file: null
[2026-05-11T05:52:57.447+0000] {spark_submit.py:492} INFO - Parsed arguments:
[2026-05-11T05:52:57.448+0000] {spark_submit.py:492} INFO - master                  spark://spark-master:7077
[2026-05-11T05:52:57.448+0000] {spark_submit.py:492} INFO - remote                  null
[2026-05-11T05:52:57.448+0000] {spark_submit.py:492} INFO - deployMode              null
[2026-05-11T05:52:57.448+0000] {spark_submit.py:492} INFO - executorMemory          null
[2026-05-11T05:52:57.448+0000] {spark_submit.py:492} INFO - executorCores           null
[2026-05-11T05:52:57.449+0000] {spark_submit.py:492} INFO - totalExecutorCores      null
[2026-05-11T05:52:57.449+0000] {spark_submit.py:492} INFO - propertiesFile          null
[2026-05-11T05:52:57.449+0000] {spark_submit.py:492} INFO - driverMemory            null
[2026-05-11T05:52:57.449+0000] {spark_submit.py:492} INFO - driverCores             null
[2026-05-11T05:52:57.449+0000] {spark_submit.py:492} INFO - driverExtraClassPath    null
[2026-05-11T05:52:57.449+0000] {spark_submit.py:492} INFO - driverExtraLibraryPath  null
[2026-05-11T05:52:57.450+0000] {spark_submit.py:492} INFO - driverExtraJavaOptions  null
[2026-05-11T05:52:57.450+0000] {spark_submit.py:492} INFO - supervise               false
[2026-05-11T05:52:57.450+0000] {spark_submit.py:492} INFO - queue                   null
[2026-05-11T05:52:57.450+0000] {spark_submit.py:492} INFO - numExecutors            null
[2026-05-11T05:52:57.450+0000] {spark_submit.py:492} INFO - files                   null
[2026-05-11T05:52:57.450+0000] {spark_submit.py:492} INFO - pyFiles                 null
[2026-05-11T05:52:57.450+0000] {spark_submit.py:492} INFO - archives                null
[2026-05-11T05:52:57.451+0000] {spark_submit.py:492} INFO - mainClass               null
[2026-05-11T05:52:57.451+0000] {spark_submit.py:492} INFO - primaryResource         file:/opt/***/spark/homework_panic_meter.py
[2026-05-11T05:52:57.451+0000] {spark_submit.py:492} INFO - name                    homework_panic_meter
[2026-05-11T05:52:57.451+0000] {spark_submit.py:492} INFO - childArgs               [--report-date 2026-05-11 --output-dir /opt/***/output]
[2026-05-11T05:52:57.451+0000] {spark_submit.py:492} INFO - jars                    null
[2026-05-11T05:52:57.451+0000] {spark_submit.py:492} INFO - packages                null
[2026-05-11T05:52:57.451+0000] {spark_submit.py:492} INFO - packagesExclusions      null
[2026-05-11T05:52:57.451+0000] {spark_submit.py:492} INFO - repositories            null
[2026-05-11T05:52:57.452+0000] {spark_submit.py:492} INFO - verbose                 true
[2026-05-11T05:52:57.452+0000] {spark_submit.py:492} INFO - 
[2026-05-11T05:52:57.452+0000] {spark_submit.py:492} INFO - Spark properties used, including those specified through
[2026-05-11T05:52:57.452+0000] {spark_submit.py:492} INFO - --conf and those from the properties file null:
[2026-05-11T05:52:57.452+0000] {spark_submit.py:492} INFO - 
[2026-05-11T05:52:57.453+0000] {spark_submit.py:492} INFO - 
[2026-05-11T05:52:57.453+0000] {spark_submit.py:492} INFO - 
[2026-05-11T05:52:57.579+0000] {spark_submit.py:492} INFO - Main class:
[2026-05-11T05:52:57.579+0000] {spark_submit.py:492} INFO - org.apache.spark.deploy.PythonRunner
[2026-05-11T05:52:57.580+0000] {spark_submit.py:492} INFO - Arguments:
[2026-05-11T05:52:57.580+0000] {spark_submit.py:492} INFO - file:/opt/***/spark/homework_panic_meter.py
[2026-05-11T05:52:57.580+0000] {spark_submit.py:492} INFO - null
[2026-05-11T05:52:57.580+0000] {spark_submit.py:492} INFO - --report-date
[2026-05-11T05:52:57.581+0000] {spark_submit.py:492} INFO - 2026-05-11
[2026-05-11T05:52:57.581+0000] {spark_submit.py:492} INFO - --output-dir
[2026-05-11T05:52:57.581+0000] {spark_submit.py:492} INFO - /opt/***/output
[2026-05-11T05:52:57.581+0000] {spark_submit.py:492} INFO - Spark config:
[2026-05-11T05:52:57.582+0000] {spark_submit.py:492} INFO - (spark.app.name,homework_panic_meter)
[2026-05-11T05:52:57.582+0000] {spark_submit.py:492} INFO - (spark.app.submitTime,1778478777567)
[2026-05-11T05:52:57.582+0000] {spark_submit.py:492} INFO - (spark.master,spark://spark-master:7077)
[2026-05-11T05:52:57.584+0000] {spark_submit.py:492} INFO - (spark.submit.deployMode,client)
[2026-05-11T05:52:57.585+0000] {spark_submit.py:492} INFO - (spark.submit.pyFiles,)
[2026-05-11T05:52:57.585+0000] {spark_submit.py:492} INFO - Classpath elements:
[2026-05-11T05:52:57.585+0000] {spark_submit.py:492} INFO - 
[2026-05-11T05:52:57.586+0000] {spark_submit.py:492} INFO - 
[2026-05-11T05:52:57.586+0000] {spark_submit.py:492} INFO - 
[2026-05-11T05:52:58.188+0000] {spark_submit.py:492} INFO - 26/05/11 05:52:58 INFO SparkContext: Running Spark version 3.5.0
[2026-05-11T05:52:58.189+0000] {spark_submit.py:492} INFO - 26/05/11 05:52:58 INFO SparkContext: OS info Linux, 6.12.76-linuxkit, aarch64
[2026-05-11T05:52:58.190+0000] {spark_submit.py:492} INFO - 26/05/11 05:52:58 INFO SparkContext: Java version 11.0.31
[2026-05-11T05:52:58.225+0000] {spark_submit.py:492} INFO - 26/05/11 05:52:58 WARN NativeCodeLoader: Unable to load native-hadoop library for your platform... using builtin-java classes where applicable
[2026-05-11T05:52:58.280+0000] {spark_submit.py:492} INFO - 26/05/11 05:52:58 INFO ResourceUtils: ==============================================================
[2026-05-11T05:52:58.280+0000] {spark_submit.py:492} INFO - 26/05/11 05:52:58 INFO ResourceUtils: No custom resources configured for spark.driver.
[2026-05-11T05:52:58.280+0000] {spark_submit.py:492} INFO - 26/05/11 05:52:58 INFO ResourceUtils: ==============================================================
[2026-05-11T05:52:58.280+0000] {spark_submit.py:492} INFO - 26/05/11 05:52:58 INFO SparkContext: Submitted application: homework_panic_meter
[2026-05-11T05:52:58.290+0000] {spark_submit.py:492} INFO - 26/05/11 05:52:58 INFO ResourceProfile: Default ResourceProfile created, executor resources: Map(memory -> name: memory, amount: 1024, script: , vendor: , offHeap -> name: offHeap, amount: 0, script: , vendor: ), task resources: Map(cpus -> name: cpus, amount: 1.0)
[2026-05-11T05:52:58.295+0000] {spark_submit.py:492} INFO - 26/05/11 05:52:58 INFO ResourceProfile: Limiting resource is cpu
[2026-05-11T05:52:58.295+0000] {spark_submit.py:492} INFO - 26/05/11 05:52:58 INFO ResourceProfileManager: Added ResourceProfile id: 0
[2026-05-11T05:52:58.347+0000] {spark_submit.py:492} INFO - 26/05/11 05:52:58 INFO SecurityManager: Changing view acls to: ***
[2026-05-11T05:52:58.348+0000] {spark_submit.py:492} INFO - 26/05/11 05:52:58 INFO SecurityManager: Changing modify acls to: ***
[2026-05-11T05:52:58.349+0000] {spark_submit.py:492} INFO - 26/05/11 05:52:58 INFO SecurityManager: Changing view acls groups to:
[2026-05-11T05:52:58.349+0000] {spark_submit.py:492} INFO - 26/05/11 05:52:58 INFO SecurityManager: Changing modify acls groups to:
[2026-05-11T05:52:58.350+0000] {spark_submit.py:492} INFO - 26/05/11 05:52:58 INFO SecurityManager: SecurityManager: authentication disabled; ui acls disabled; users with view permissions: ***; groups with view permissions: EMPTY; users with modify permissions: ***; groups with modify permissions: EMPTY
[2026-05-11T05:52:58.620+0000] {spark_submit.py:492} INFO - 26/05/11 05:52:58 INFO Utils: Successfully started service 'sparkDriver' on port 36899.
[2026-05-11T05:52:58.645+0000] {spark_submit.py:492} INFO - 26/05/11 05:52:58 INFO SparkEnv: Registering MapOutputTracker
[2026-05-11T05:52:58.676+0000] {spark_submit.py:492} INFO - 26/05/11 05:52:58 INFO SparkEnv: Registering BlockManagerMaster
[2026-05-11T05:52:58.694+0000] {spark_submit.py:492} INFO - 26/05/11 05:52:58 INFO BlockManagerMasterEndpoint: Using org.apache.spark.storage.DefaultTopologyMapper for getting topology information
[2026-05-11T05:52:58.694+0000] {spark_submit.py:492} INFO - 26/05/11 05:52:58 INFO BlockManagerMasterEndpoint: BlockManagerMasterEndpoint up
[2026-05-11T05:52:58.697+0000] {spark_submit.py:492} INFO - 26/05/11 05:52:58 INFO SparkEnv: Registering BlockManagerMasterHeartbeat
[2026-05-11T05:52:58.709+0000] {spark_submit.py:492} INFO - 26/05/11 05:52:58 INFO DiskBlockManager: Created local directory at /tmp/blockmgr-a886a4f2-c645-4b34-b9d5-7e0ca7b81ad6
[2026-05-11T05:52:58.718+0000] {spark_submit.py:492} INFO - 26/05/11 05:52:58 INFO MemoryStore: MemoryStore started with capacity 434.4 MiB
[2026-05-11T05:52:58.728+0000] {spark_submit.py:492} INFO - 26/05/11 05:52:58 INFO SparkEnv: Registering OutputCommitCoordinator
[2026-05-11T05:52:58.801+0000] {spark_submit.py:492} INFO - 26/05/11 05:52:58 INFO JettyUtils: Start Jetty 0.0.0.0:4040 for SparkUI
[2026-05-11T05:52:58.831+0000] {spark_submit.py:492} INFO - 26/05/11 05:52:58 WARN Utils: Service 'SparkUI' could not bind on port 4040. Attempting port 4041.
[2026-05-11T05:52:58.837+0000] {spark_submit.py:492} INFO - 26/05/11 05:52:58 INFO Utils: Successfully started service 'SparkUI' on port 4041.
[2026-05-11T05:52:58.905+0000] {spark_submit.py:492} INFO - 26/05/11 05:52:58 INFO StandaloneAppClient$ClientEndpoint: Connecting to master spark://spark-master:7077...
[2026-05-11T05:52:58.930+0000] {spark_submit.py:492} INFO - 26/05/11 05:52:58 INFO TransportClientFactory: Successfully created connection to spark-master/172.18.0.3:7077 after 14 ms (0 ms spent in bootstraps)
[2026-05-11T05:52:59.042+0000] {spark_submit.py:492} INFO - 26/05/11 05:52:59 INFO StandaloneSchedulerBackend: Connected to Spark cluster with app ID app-20260511055259-0001
[2026-05-11T05:52:59.049+0000] {spark_submit.py:492} INFO - 26/05/11 05:52:59 INFO Utils: Successfully started service 'org.apache.spark.network.netty.NettyBlockTransferService' on port 38211.
[2026-05-11T05:52:59.050+0000] {spark_submit.py:492} INFO - 26/05/11 05:52:59 INFO NettyBlockTransferService: Server created on 70496b1d9bc4:38211
[2026-05-11T05:52:59.052+0000] {spark_submit.py:492} INFO - 26/05/11 05:52:59 INFO BlockManager: Using org.apache.spark.storage.RandomBlockReplicationPolicy for block replication policy
[2026-05-11T05:52:59.054+0000] {spark_submit.py:492} INFO - 26/05/11 05:52:59 INFO BlockManagerMaster: Registering BlockManager BlockManagerId(driver, 70496b1d9bc4, 38211, None)
[2026-05-11T05:52:59.056+0000] {spark_submit.py:492} INFO - 26/05/11 05:52:59 INFO BlockManagerMasterEndpoint: Registering block manager 70496b1d9bc4:38211 with 434.4 MiB RAM, BlockManagerId(driver, 70496b1d9bc4, 38211, None)
[2026-05-11T05:52:59.059+0000] {spark_submit.py:492} INFO - 26/05/11 05:52:59 INFO BlockManagerMaster: Registered BlockManager BlockManagerId(driver, 70496b1d9bc4, 38211, None)
[2026-05-11T05:52:59.060+0000] {spark_submit.py:492} INFO - 26/05/11 05:52:59 INFO BlockManager: Initialized BlockManager: BlockManagerId(driver, 70496b1d9bc4, 38211, None)
[2026-05-11T05:52:59.202+0000] {spark_submit.py:492} INFO - 26/05/11 05:52:59 INFO StandaloneSchedulerBackend: SchedulerBackend is ready for scheduling beginning after reached minRegisteredResourcesRatio: 0.0
[2026-05-11T05:52:59.811+0000] {spark_submit.py:492} INFO - 26/05/11 05:52:59 INFO SharedState: Setting hive.metastore.warehouse.dir ('null') to the value of spark.sql.warehouse.dir.
[2026-05-11T05:52:59.818+0000] {spark_submit.py:492} INFO - 26/05/11 05:52:59 INFO SharedState: Warehouse path is 'file:/opt/***/spark-warehouse'.
[2026-05-11T05:53:01.233+0000] {spark_submit.py:492} INFO - 26/05/11 05:53:01 INFO CodeGenerator: Code generated in 136.249958 ms
[2026-05-11T05:53:01.258+0000] {spark_submit.py:492} INFO - 26/05/11 05:53:01 INFO DAGScheduler: Registering RDD 6 (collect at /opt/***/spark/homework_panic_meter.py:66) as input to shuffle 0
[2026-05-11T05:53:01.263+0000] {spark_submit.py:492} INFO - 26/05/11 05:53:01 INFO DAGScheduler: Got map stage job 0 (collect at /opt/***/spark/homework_panic_meter.py:66) with 2 output partitions
[2026-05-11T05:53:01.263+0000] {spark_submit.py:492} INFO - 26/05/11 05:53:01 INFO DAGScheduler: Final stage: ShuffleMapStage 0 (collect at /opt/***/spark/homework_panic_meter.py:66)
[2026-05-11T05:53:01.263+0000] {spark_submit.py:492} INFO - 26/05/11 05:53:01 INFO DAGScheduler: Parents of final stage: List()
[2026-05-11T05:53:01.263+0000] {spark_submit.py:492} INFO - 26/05/11 05:53:01 INFO DAGScheduler: Missing parents: List()
[2026-05-11T05:53:01.265+0000] {spark_submit.py:492} INFO - 26/05/11 05:53:01 INFO DAGScheduler: Submitting ShuffleMapStage 0 (MapPartitionsRDD[6] at collect at /opt/***/spark/homework_panic_meter.py:66), which has no missing parents
[2026-05-11T05:53:01.317+0000] {spark_submit.py:492} INFO - 26/05/11 05:53:01 INFO MemoryStore: Block broadcast_0 stored as values in memory (estimated size 17.4 KiB, free 434.4 MiB)
[2026-05-11T05:53:01.332+0000] {spark_submit.py:492} INFO - 26/05/11 05:53:01 INFO MemoryStore: Block broadcast_0_piece0 stored as bytes in memory (estimated size 8.8 KiB, free 434.4 MiB)
[2026-05-11T05:53:01.333+0000] {spark_submit.py:492} INFO - 26/05/11 05:53:01 INFO BlockManagerInfo: Added broadcast_0_piece0 in memory on 70496b1d9bc4:38211 (size: 8.8 KiB, free: 434.4 MiB)
[2026-05-11T05:53:01.335+0000] {spark_submit.py:492} INFO - 26/05/11 05:53:01 INFO SparkContext: Created broadcast 0 from broadcast at DAGScheduler.scala:1580
[2026-05-11T05:53:01.342+0000] {spark_submit.py:492} INFO - 26/05/11 05:53:01 INFO DAGScheduler: Submitting 2 missing tasks from ShuffleMapStage 0 (MapPartitionsRDD[6] at collect at /opt/***/spark/homework_panic_meter.py:66) (first 15 tasks are for partitions Vector(0, 1))
[2026-05-11T05:53:01.342+0000] {spark_submit.py:492} INFO - 26/05/11 05:53:01 INFO TaskSchedulerImpl: Adding task set 0.0 with 2 tasks resource profile 0
[2026-05-11T05:53:02.790+0000] {spark_submit.py:492} INFO - 26/05/11 05:53:02 INFO StandaloneAppClient$ClientEndpoint: Executor added: app-20260511055259-0001/0 on worker-20260511054846-172.18.0.4-41001 (172.18.0.4:41001) with 11 core(s)
[2026-05-11T05:53:02.792+0000] {spark_submit.py:492} INFO - 26/05/11 05:53:02 INFO StandaloneSchedulerBackend: Granted executor ID app-20260511055259-0001/0 on hostPort 172.18.0.4:41001 with 11 core(s), 1024.0 MiB RAM
[2026-05-11T05:53:02.820+0000] {spark_submit.py:492} INFO - 26/05/11 05:53:02 INFO StandaloneAppClient$ClientEndpoint: Executor updated: app-20260511055259-0001/0 is now RUNNING
[2026-05-11T05:53:03.772+0000] {spark_submit.py:492} INFO - 26/05/11 05:53:03 INFO StandaloneSchedulerBackend$StandaloneDriverEndpoint: Registered executor NettyRpcEndpointRef(spark-client://Executor) (172.18.0.4:49144) with ID 0,  ResourceProfileId 0
[2026-05-11T05:53:03.806+0000] {spark_submit.py:492} INFO - 26/05/11 05:53:03 INFO BlockManagerMasterEndpoint: Registering block manager 172.18.0.4:34451 with 434.4 MiB RAM, BlockManagerId(0, 172.18.0.4, 34451, None)
[2026-05-11T05:53:03.845+0000] {spark_submit.py:492} INFO - 26/05/11 05:53:03 INFO TaskSetManager: Starting task 0.0 in stage 0.0 (TID 0) (172.18.0.4, executor 0, partition 0, PROCESS_LOCAL, 7648 bytes)
[2026-05-11T05:53:03.847+0000] {spark_submit.py:492} INFO - 26/05/11 05:53:03 INFO TaskSetManager: Starting task 1.0 in stage 0.0 (TID 1) (172.18.0.4, executor 0, partition 1, PROCESS_LOCAL, 7672 bytes)
[2026-05-11T05:53:04.022+0000] {spark_submit.py:492} INFO - 26/05/11 05:53:04 INFO BlockManagerInfo: Added broadcast_0_piece0 in memory on 172.18.0.4:34451 (size: 8.8 KiB, free: 434.4 MiB)
[2026-05-11T05:53:04.640+0000] {spark_submit.py:492} INFO - 26/05/11 05:53:04 INFO TaskSetManager: Finished task 0.0 in stage 0.0 (TID 0) in 804 ms on 172.18.0.4 (executor 0) (1/2)
[2026-05-11T05:53:04.641+0000] {spark_submit.py:492} INFO - 26/05/11 05:53:04 INFO TaskSetManager: Finished task 1.0 in stage 0.0 (TID 1) in 794 ms on 172.18.0.4 (executor 0) (2/2)
[2026-05-11T05:53:04.641+0000] {spark_submit.py:492} INFO - 26/05/11 05:53:04 INFO TaskSchedulerImpl: Removed TaskSet 0.0, whose tasks have all completed, from pool
[2026-05-11T05:53:04.644+0000] {spark_submit.py:492} INFO - 26/05/11 05:53:04 INFO PythonAccumulatorV2: Connected to AccumulatorServer at host: 127.0.0.1 port: 52751
[2026-05-11T05:53:04.647+0000] {spark_submit.py:492} INFO - 26/05/11 05:53:04 INFO DAGScheduler: ShuffleMapStage 0 (collect at /opt/***/spark/homework_panic_meter.py:66) finished in 3.376 s
[2026-05-11T05:53:04.647+0000] {spark_submit.py:492} INFO - 26/05/11 05:53:04 INFO DAGScheduler: looking for newly runnable stages
[2026-05-11T05:53:04.648+0000] {spark_submit.py:492} INFO - 26/05/11 05:53:04 INFO DAGScheduler: running: Set()
[2026-05-11T05:53:04.648+0000] {spark_submit.py:492} INFO - 26/05/11 05:53:04 INFO DAGScheduler: waiting: Set()
[2026-05-11T05:53:04.648+0000] {spark_submit.py:492} INFO - 26/05/11 05:53:04 INFO DAGScheduler: failed: Set()
[2026-05-11T05:53:04.677+0000] {spark_submit.py:492} INFO - 26/05/11 05:53:04 INFO CodeGenerator: Code generated in 11.726125 ms
[2026-05-11T05:53:04.704+0000] {spark_submit.py:492} INFO - 26/05/11 05:53:04 INFO BlockManagerInfo: Removed broadcast_0_piece0 on 70496b1d9bc4:38211 in memory (size: 8.8 KiB, free: 434.4 MiB)
[2026-05-11T05:53:04.705+0000] {spark_submit.py:492} INFO - 26/05/11 05:53:04 INFO BlockManagerInfo: Removed broadcast_0_piece0 on 172.18.0.4:34451 in memory (size: 8.8 KiB, free: 434.4 MiB)
[2026-05-11T05:53:04.710+0000] {spark_submit.py:492} INFO - 26/05/11 05:53:04 INFO SparkContext: Starting job: collect at /opt/***/spark/homework_panic_meter.py:66
[2026-05-11T05:53:04.712+0000] {spark_submit.py:492} INFO - 26/05/11 05:53:04 INFO DAGScheduler: Got job 1 (collect at /opt/***/spark/homework_panic_meter.py:66) with 1 output partitions
[2026-05-11T05:53:04.712+0000] {spark_submit.py:492} INFO - 26/05/11 05:53:04 INFO DAGScheduler: Final stage: ResultStage 2 (collect at /opt/***/spark/homework_panic_meter.py:66)
[2026-05-11T05:53:04.712+0000] {spark_submit.py:492} INFO - 26/05/11 05:53:04 INFO DAGScheduler: Parents of final stage: List(ShuffleMapStage 1)
[2026-05-11T05:53:04.713+0000] {spark_submit.py:492} INFO - 26/05/11 05:53:04 INFO DAGScheduler: Missing parents: List()
[2026-05-11T05:53:04.713+0000] {spark_submit.py:492} INFO - 26/05/11 05:53:04 INFO DAGScheduler: Submitting ResultStage 2 (MapPartitionsRDD[9] at collect at /opt/***/spark/homework_panic_meter.py:66), which has no missing parents
[2026-05-11T05:53:04.718+0000] {spark_submit.py:492} INFO - 26/05/11 05:53:04 INFO MemoryStore: Block broadcast_1 stored as values in memory (estimated size 13.7 KiB, free 434.4 MiB)
[2026-05-11T05:53:04.721+0000] {spark_submit.py:492} INFO - 26/05/11 05:53:04 INFO MemoryStore: Block broadcast_1_piece0 stored as bytes in memory (estimated size 6.4 KiB, free 434.4 MiB)
[2026-05-11T05:53:04.721+0000] {spark_submit.py:492} INFO - 26/05/11 05:53:04 INFO BlockManagerInfo: Added broadcast_1_piece0 in memory on 70496b1d9bc4:38211 (size: 6.4 KiB, free: 434.4 MiB)
[2026-05-11T05:53:04.721+0000] {spark_submit.py:492} INFO - 26/05/11 05:53:04 INFO SparkContext: Created broadcast 1 from broadcast at DAGScheduler.scala:1580
[2026-05-11T05:53:04.722+0000] {spark_submit.py:492} INFO - 26/05/11 05:53:04 INFO DAGScheduler: Submitting 1 missing tasks from ResultStage 2 (MapPartitionsRDD[9] at collect at /opt/***/spark/homework_panic_meter.py:66) (first 15 tasks are for partitions Vector(0))
[2026-05-11T05:53:04.722+0000] {spark_submit.py:492} INFO - 26/05/11 05:53:04 INFO TaskSchedulerImpl: Adding task set 2.0 with 1 tasks resource profile 0
[2026-05-11T05:53:04.723+0000] {spark_submit.py:492} INFO - 26/05/11 05:53:04 INFO TaskSetManager: Starting task 0.0 in stage 2.0 (TID 2) (172.18.0.4, executor 0, partition 0, NODE_LOCAL, 7619 bytes)
[2026-05-11T05:53:04.734+0000] {spark_submit.py:492} INFO - 26/05/11 05:53:04 INFO BlockManagerInfo: Added broadcast_1_piece0 in memory on 172.18.0.4:34451 (size: 6.4 KiB, free: 434.4 MiB)
[2026-05-11T05:53:04.763+0000] {spark_submit.py:492} INFO - 26/05/11 05:53:04 INFO MapOutputTrackerMasterEndpoint: Asked to send map output locations for shuffle 0 to 172.18.0.4:49144
[2026-05-11T05:53:04.812+0000] {spark_submit.py:492} INFO - 26/05/11 05:53:04 INFO TaskSetManager: Finished task 0.0 in stage 2.0 (TID 2) in 90 ms on 172.18.0.4 (executor 0) (1/1)
[2026-05-11T05:53:04.813+0000] {spark_submit.py:492} INFO - 26/05/11 05:53:04 INFO TaskSchedulerImpl: Removed TaskSet 2.0, whose tasks have all completed, from pool
[2026-05-11T05:53:04.813+0000] {spark_submit.py:492} INFO - 26/05/11 05:53:04 INFO DAGScheduler: ResultStage 2 (collect at /opt/***/spark/homework_panic_meter.py:66) finished in 0.097 s
[2026-05-11T05:53:04.814+0000] {spark_submit.py:492} INFO - 26/05/11 05:53:04 INFO DAGScheduler: Job 1 is finished. Cancelling potential speculative or zombie tasks for this job
[2026-05-11T05:53:04.814+0000] {spark_submit.py:492} INFO - 26/05/11 05:53:04 INFO TaskSchedulerImpl: Killing all running tasks in stage 2: Stage finished
[2026-05-11T05:53:04.814+0000] {spark_submit.py:492} INFO - 26/05/11 05:53:04 INFO DAGScheduler: Job 1 finished: collect at /opt/***/spark/homework_panic_meter.py:66, took 0.104497 s
[2026-05-11T05:53:04.857+0000] {spark_submit.py:492} INFO - 26/05/11 05:53:04 INFO CodeGenerator: Code generated in 6.782042 ms
[2026-05-11T05:53:04.871+0000] {spark_submit.py:492} INFO - 26/05/11 05:53:04 INFO CodeGenerator: Code generated in 7.228209 ms
[2026-05-11T05:53:04.890+0000] {spark_submit.py:492} INFO - 26/05/11 05:53:04 INFO SparkContext: Starting job: collect at /opt/***/spark/homework_panic_meter.py:71
[2026-05-11T05:53:04.891+0000] {spark_submit.py:492} INFO - 26/05/11 05:53:04 INFO DAGScheduler: Got job 2 (collect at /opt/***/spark/homework_panic_meter.py:71) with 2 output partitions
[2026-05-11T05:53:04.892+0000] {spark_submit.py:492} INFO - 26/05/11 05:53:04 INFO DAGScheduler: Final stage: ResultStage 3 (collect at /opt/***/spark/homework_panic_meter.py:71)
[2026-05-11T05:53:04.892+0000] {spark_submit.py:492} INFO - 26/05/11 05:53:04 INFO DAGScheduler: Parents of final stage: List()
[2026-05-11T05:53:04.892+0000] {spark_submit.py:492} INFO - 26/05/11 05:53:04 INFO DAGScheduler: Missing parents: List()
[2026-05-11T05:53:04.892+0000] {spark_submit.py:492} INFO - 26/05/11 05:53:04 INFO DAGScheduler: Submitting ResultStage 3 (MapPartitionsRDD[13] at collect at /opt/***/spark/homework_panic_meter.py:71), which has no missing parents
[2026-05-11T05:53:04.894+0000] {spark_submit.py:492} INFO - 26/05/11 05:53:04 INFO MemoryStore: Block broadcast_2 stored as values in memory (estimated size 15.7 KiB, free 434.4 MiB)
[2026-05-11T05:53:04.895+0000] {spark_submit.py:492} INFO - 26/05/11 05:53:04 INFO MemoryStore: Block broadcast_2_piece0 stored as bytes in memory (estimated size 8.0 KiB, free 434.4 MiB)
[2026-05-11T05:53:04.895+0000] {spark_submit.py:492} INFO - 26/05/11 05:53:04 INFO BlockManagerInfo: Added broadcast_2_piece0 in memory on 70496b1d9bc4:38211 (size: 8.0 KiB, free: 434.4 MiB)
[2026-05-11T05:53:04.896+0000] {spark_submit.py:492} INFO - 26/05/11 05:53:04 INFO SparkContext: Created broadcast 2 from broadcast at DAGScheduler.scala:1580
[2026-05-11T05:53:04.896+0000] {spark_submit.py:492} INFO - 26/05/11 05:53:04 INFO DAGScheduler: Submitting 2 missing tasks from ResultStage 3 (MapPartitionsRDD[13] at collect at /opt/***/spark/homework_panic_meter.py:71) (first 15 tasks are for partitions Vector(0, 1))
[2026-05-11T05:53:04.896+0000] {spark_submit.py:492} INFO - 26/05/11 05:53:04 INFO TaskSchedulerImpl: Adding task set 3.0 with 2 tasks resource profile 0
[2026-05-11T05:53:04.897+0000] {spark_submit.py:492} INFO - 26/05/11 05:53:04 INFO TaskSetManager: Starting task 0.0 in stage 3.0 (TID 3) (172.18.0.4, executor 0, partition 0, PROCESS_LOCAL, 7659 bytes)
[2026-05-11T05:53:04.897+0000] {spark_submit.py:492} INFO - 26/05/11 05:53:04 INFO TaskSetManager: Starting task 1.0 in stage 3.0 (TID 4) (172.18.0.4, executor 0, partition 1, PROCESS_LOCAL, 7683 bytes)
[2026-05-11T05:53:04.906+0000] {spark_submit.py:492} INFO - 26/05/11 05:53:04 INFO BlockManagerInfo: Added broadcast_2_piece0 in memory on 172.18.0.4:34451 (size: 8.0 KiB, free: 434.4 MiB)
[2026-05-11T05:53:04.977+0000] {spark_submit.py:492} INFO - 26/05/11 05:53:04 INFO TaskSetManager: Finished task 0.0 in stage 3.0 (TID 3) in 80 ms on 172.18.0.4 (executor 0) (1/2)
[2026-05-11T05:53:04.978+0000] {spark_submit.py:492} INFO - 26/05/11 05:53:04 INFO TaskSetManager: Finished task 1.0 in stage 3.0 (TID 4) in 80 ms on 172.18.0.4 (executor 0) (2/2)
[2026-05-11T05:53:04.978+0000] {spark_submit.py:492} INFO - 26/05/11 05:53:04 INFO TaskSchedulerImpl: Removed TaskSet 3.0, whose tasks have all completed, from pool
[2026-05-11T05:53:04.979+0000] {spark_submit.py:492} INFO - 26/05/11 05:53:04 INFO DAGScheduler: ResultStage 3 (collect at /opt/***/spark/homework_panic_meter.py:71) finished in 0.085 s
[2026-05-11T05:53:04.979+0000] {spark_submit.py:492} INFO - 26/05/11 05:53:04 INFO DAGScheduler: Job 2 is finished. Cancelling potential speculative or zombie tasks for this job
[2026-05-11T05:53:04.979+0000] {spark_submit.py:492} INFO - 26/05/11 05:53:04 INFO TaskSchedulerImpl: Killing all running tasks in stage 3: Stage finished
[2026-05-11T05:53:04.979+0000] {spark_submit.py:492} INFO - 26/05/11 05:53:04 INFO DAGScheduler: Job 2 finished: collect at /opt/***/spark/homework_panic_meter.py:71, took 0.088568 s
[2026-05-11T05:53:04.983+0000] {spark_submit.py:492} INFO - 26/05/11 05:53:04 INFO DAGScheduler: Registering RDD 14 (collect at /opt/***/spark/homework_panic_meter.py:71) as input to shuffle 1
[2026-05-11T05:53:04.983+0000] {spark_submit.py:492} INFO - 26/05/11 05:53:04 INFO DAGScheduler: Got map stage job 3 (collect at /opt/***/spark/homework_panic_meter.py:71) with 2 output partitions
[2026-05-11T05:53:04.983+0000] {spark_submit.py:492} INFO - 26/05/11 05:53:04 INFO DAGScheduler: Final stage: ShuffleMapStage 4 (collect at /opt/***/spark/homework_panic_meter.py:71)
[2026-05-11T05:53:04.984+0000] {spark_submit.py:492} INFO - 26/05/11 05:53:04 INFO DAGScheduler: Parents of final stage: List()
[2026-05-11T05:53:04.984+0000] {spark_submit.py:492} INFO - 26/05/11 05:53:04 INFO DAGScheduler: Missing parents: List()
[2026-05-11T05:53:04.984+0000] {spark_submit.py:492} INFO - 26/05/11 05:53:04 INFO DAGScheduler: Submitting ShuffleMapStage 4 (MapPartitionsRDD[14] at collect at /opt/***/spark/homework_panic_meter.py:71), which has no missing parents
[2026-05-11T05:53:04.988+0000] {spark_submit.py:492} INFO - 26/05/11 05:53:04 INFO MemoryStore: Block broadcast_3 stored as values in memory (estimated size 17.6 KiB, free 434.3 MiB)
[2026-05-11T05:53:04.989+0000] {spark_submit.py:492} INFO - 26/05/11 05:53:04 INFO MemoryStore: Block broadcast_3_piece0 stored as bytes in memory (estimated size 9.0 KiB, free 434.3 MiB)
[2026-05-11T05:53:04.989+0000] {spark_submit.py:492} INFO - 26/05/11 05:53:04 INFO BlockManagerInfo: Added broadcast_3_piece0 in memory on 70496b1d9bc4:38211 (size: 9.0 KiB, free: 434.4 MiB)
[2026-05-11T05:53:04.990+0000] {spark_submit.py:492} INFO - 26/05/11 05:53:04 INFO SparkContext: Created broadcast 3 from broadcast at DAGScheduler.scala:1580
[2026-05-11T05:53:04.990+0000] {spark_submit.py:492} INFO - 26/05/11 05:53:04 INFO DAGScheduler: Submitting 2 missing tasks from ShuffleMapStage 4 (MapPartitionsRDD[14] at collect at /opt/***/spark/homework_panic_meter.py:71) (first 15 tasks are for partitions Vector(0, 1))
[2026-05-11T05:53:04.990+0000] {spark_submit.py:492} INFO - 26/05/11 05:53:04 INFO TaskSchedulerImpl: Adding task set 4.0 with 2 tasks resource profile 0
[2026-05-11T05:53:04.991+0000] {spark_submit.py:492} INFO - 26/05/11 05:53:04 INFO TaskSetManager: Starting task 0.0 in stage 4.0 (TID 5) (172.18.0.4, executor 0, partition 0, PROCESS_LOCAL, 7648 bytes)
[2026-05-11T05:53:04.991+0000] {spark_submit.py:492} INFO - 26/05/11 05:53:04 INFO TaskSetManager: Starting task 1.0 in stage 4.0 (TID 6) (172.18.0.4, executor 0, partition 1, PROCESS_LOCAL, 7672 bytes)
[2026-05-11T05:53:05.000+0000] {spark_submit.py:492} INFO - 26/05/11 05:53:05 INFO BlockManagerInfo: Added broadcast_3_piece0 in memory on 172.18.0.4:34451 (size: 9.0 KiB, free: 434.4 MiB)
[2026-05-11T05:53:05.073+0000] {spark_submit.py:492} INFO - 26/05/11 05:53:05 INFO TaskSetManager: Finished task 0.0 in stage 4.0 (TID 5) in 82 ms on 172.18.0.4 (executor 0) (1/2)
[2026-05-11T05:53:05.074+0000] {spark_submit.py:492} INFO - 26/05/11 05:53:05 INFO TaskSetManager: Finished task 1.0 in stage 4.0 (TID 6) in 82 ms on 172.18.0.4 (executor 0) (2/2)
[2026-05-11T05:53:05.075+0000] {spark_submit.py:492} INFO - 26/05/11 05:53:05 INFO TaskSchedulerImpl: Removed TaskSet 4.0, whose tasks have all completed, from pool
[2026-05-11T05:53:05.076+0000] {spark_submit.py:492} INFO - 26/05/11 05:53:05 INFO DAGScheduler: ShuffleMapStage 4 (collect at /opt/***/spark/homework_panic_meter.py:71) finished in 0.090 s
[2026-05-11T05:53:05.076+0000] {spark_submit.py:492} INFO - 26/05/11 05:53:05 INFO DAGScheduler: looking for newly runnable stages
[2026-05-11T05:53:05.079+0000] {spark_submit.py:492} INFO - 26/05/11 05:53:05 INFO DAGScheduler: running: Set()
[2026-05-11T05:53:05.079+0000] {spark_submit.py:492} INFO - 26/05/11 05:53:05 INFO DAGScheduler: waiting: Set()
[2026-05-11T05:53:05.080+0000] {spark_submit.py:492} INFO - 26/05/11 05:53:05 INFO DAGScheduler: failed: Set()
[2026-05-11T05:53:05.081+0000] {spark_submit.py:492} INFO - 26/05/11 05:53:05 INFO ShufflePartitionsUtil: For shuffle(1), advisory target size: 67108864, actual target size 1048576, minimum partition size: 1048576
[2026-05-11T05:53:05.098+0000] {spark_submit.py:492} INFO - 26/05/11 05:53:05 INFO CodeGenerator: Code generated in 7.9495 ms
[2026-05-11T05:53:05.115+0000] {spark_submit.py:492} INFO - 26/05/11 05:53:05 INFO SparkContext: Starting job: collect at /opt/***/spark/homework_panic_meter.py:71
[2026-05-11T05:53:05.116+0000] {spark_submit.py:492} INFO - 26/05/11 05:53:05 INFO DAGScheduler: Got job 4 (collect at /opt/***/spark/homework_panic_meter.py:71) with 1 output partitions
[2026-05-11T05:53:05.117+0000] {spark_submit.py:492} INFO - 26/05/11 05:53:05 INFO DAGScheduler: Final stage: ResultStage 6 (collect at /opt/***/spark/homework_panic_meter.py:71)
[2026-05-11T05:53:05.117+0000] {spark_submit.py:492} INFO - 26/05/11 05:53:05 INFO DAGScheduler: Parents of final stage: List(ShuffleMapStage 5)
[2026-05-11T05:53:05.117+0000] {spark_submit.py:492} INFO - 26/05/11 05:53:05 INFO DAGScheduler: Missing parents: List()
[2026-05-11T05:53:05.117+0000] {spark_submit.py:492} INFO - 26/05/11 05:53:05 INFO DAGScheduler: Submitting ResultStage 6 (MapPartitionsRDD[17] at collect at /opt/***/spark/homework_panic_meter.py:71), which has no missing parents
[2026-05-11T05:53:05.120+0000] {spark_submit.py:492} INFO - 26/05/11 05:53:05 INFO MemoryStore: Block broadcast_4 stored as values in memory (estimated size 28.8 KiB, free 434.3 MiB)
[2026-05-11T05:53:05.122+0000] {spark_submit.py:492} INFO - 26/05/11 05:53:05 INFO MemoryStore: Block broadcast_4_piece0 stored as bytes in memory (estimated size 14.3 KiB, free 434.3 MiB)
[2026-05-11T05:53:05.122+0000] {spark_submit.py:492} INFO - 26/05/11 05:53:05 INFO BlockManagerInfo: Added broadcast_4_piece0 in memory on 70496b1d9bc4:38211 (size: 14.3 KiB, free: 434.4 MiB)
[2026-05-11T05:53:05.123+0000] {spark_submit.py:492} INFO - 26/05/11 05:53:05 INFO SparkContext: Created broadcast 4 from broadcast at DAGScheduler.scala:1580
[2026-05-11T05:53:05.123+0000] {spark_submit.py:492} INFO - 26/05/11 05:53:05 INFO DAGScheduler: Submitting 1 missing tasks from ResultStage 6 (MapPartitionsRDD[17] at collect at /opt/***/spark/homework_panic_meter.py:71) (first 15 tasks are for partitions Vector(0))
[2026-05-11T05:53:05.123+0000] {spark_submit.py:492} INFO - 26/05/11 05:53:05 INFO TaskSchedulerImpl: Adding task set 6.0 with 1 tasks resource profile 0
[2026-05-11T05:53:05.124+0000] {spark_submit.py:492} INFO - 26/05/11 05:53:05 INFO TaskSetManager: Starting task 0.0 in stage 6.0 (TID 7) (172.18.0.4, executor 0, partition 0, NODE_LOCAL, 7619 bytes)
[2026-05-11T05:53:05.134+0000] {spark_submit.py:492} INFO - 26/05/11 05:53:05 INFO BlockManagerInfo: Added broadcast_4_piece0 in memory on 172.18.0.4:34451 (size: 14.3 KiB, free: 434.4 MiB)
[2026-05-11T05:53:05.151+0000] {spark_submit.py:492} INFO - 26/05/11 05:53:05 INFO MapOutputTrackerMasterEndpoint: Asked to send map output locations for shuffle 1 to 172.18.0.4:49144
[2026-05-11T05:53:05.214+0000] {spark_submit.py:492} INFO - 26/05/11 05:53:05 INFO TaskSetManager: Finished task 0.0 in stage 6.0 (TID 7) in 90 ms on 172.18.0.4 (executor 0) (1/1)
[2026-05-11T05:53:05.216+0000] {spark_submit.py:492} INFO - 26/05/11 05:53:05 INFO TaskSchedulerImpl: Removed TaskSet 6.0, whose tasks have all completed, from pool
[2026-05-11T05:53:05.216+0000] {spark_submit.py:492} INFO - 26/05/11 05:53:05 INFO DAGScheduler: ResultStage 6 (collect at /opt/***/spark/homework_panic_meter.py:71) finished in 0.097 s
[2026-05-11T05:53:05.217+0000] {spark_submit.py:492} INFO - 26/05/11 05:53:05 INFO DAGScheduler: Job 4 is finished. Cancelling potential speculative or zombie tasks for this job
[2026-05-11T05:53:05.217+0000] {spark_submit.py:492} INFO - 26/05/11 05:53:05 INFO TaskSchedulerImpl: Killing all running tasks in stage 6: Stage finished
[2026-05-11T05:53:05.217+0000] {spark_submit.py:492} INFO - 26/05/11 05:53:05 INFO DAGScheduler: Job 4 finished: collect at /opt/***/spark/homework_panic_meter.py:71, took 0.101278 s
[2026-05-11T05:53:05.223+0000] {spark_submit.py:492} INFO - Отчет записан в /opt/***/output/homework_panic_2026-05-11.md
[2026-05-11T05:53:05.224+0000] {spark_submit.py:492} INFO - 26/05/11 05:53:05 INFO SparkContext: SparkContext is stopping with exitCode 0.
[2026-05-11T05:53:05.229+0000] {spark_submit.py:492} INFO - 26/05/11 05:53:05 INFO SparkUI: Stopped Spark web UI at http://70496b1d9bc4:4041
[2026-05-11T05:53:05.231+0000] {spark_submit.py:492} INFO - 26/05/11 05:53:05 INFO StandaloneSchedulerBackend: Shutting down all executors
[2026-05-11T05:53:05.232+0000] {spark_submit.py:492} INFO - 26/05/11 05:53:05 INFO StandaloneSchedulerBackend$StandaloneDriverEndpoint: Asking each executor to shut down
[2026-05-11T05:53:05.242+0000] {spark_submit.py:492} INFO - 26/05/11 05:53:05 INFO MapOutputTrackerMasterEndpoint: MapOutputTrackerMasterEndpoint stopped!
[2026-05-11T05:53:05.252+0000] {spark_submit.py:492} INFO - 26/05/11 05:53:05 INFO MemoryStore: MemoryStore cleared
[2026-05-11T05:53:05.252+0000] {spark_submit.py:492} INFO - 26/05/11 05:53:05 INFO BlockManager: BlockManager stopped
[2026-05-11T05:53:05.254+0000] {spark_submit.py:492} INFO - 26/05/11 05:53:05 INFO BlockManagerMaster: BlockManagerMaster stopped
[2026-05-11T05:53:05.256+0000] {spark_submit.py:492} INFO - 26/05/11 05:53:05 INFO OutputCommitCoordinator$OutputCommitCoordinatorEndpoint: OutputCommitCoordinator stopped!
[2026-05-11T05:53:05.264+0000] {spark_submit.py:492} INFO - 26/05/11 05:53:05 INFO SparkContext: Successfully stopped SparkContext
[2026-05-11T05:53:06.311+0000] {spark_submit.py:492} INFO - 26/05/11 05:53:06 INFO ShutdownHookManager: Shutdown hook called
[2026-05-11T05:53:06.311+0000] {spark_submit.py:492} INFO - 26/05/11 05:53:06 INFO ShutdownHookManager: Deleting directory /tmp/spark-4f70a5f6-93f8-41a3-91c6-b2f3e4aa5788/pyspark-67b2ffbd-f415-45a0-9bf4-aecb39fd05ec
[2026-05-11T05:53:06.314+0000] {spark_submit.py:492} INFO - 26/05/11 05:53:06 INFO ShutdownHookManager: Deleting directory /tmp/spark-00f56d21-4dfe-4f72-84a4-0253d9d9eef6
[2026-05-11T05:53:06.316+0000] {spark_submit.py:492} INFO - 26/05/11 05:53:06 INFO ShutdownHookManager: Deleting directory /tmp/spark-4f70a5f6-93f8-41a3-91c6-b2f3e4aa5788
[2026-05-11T05:53:06.350+0000] {taskinstance.py:1398} INFO - Marking task as SUCCESS. dag_id=homework_panic_meter, task_id=run_homework_panic_meter, execution_date=20260511T055255, start_date=20260511T055256, end_date=20260511T055306
[2026-05-11T05:53:06.378+0000] {local_task_job_runner.py:228} INFO - Task exited with return code 0
[2026-05-11T05:53:06.388+0000] {taskinstance.py:2776} INFO - 0 downstream tasks scheduled from follow-on schedule check
