[2026-05-10T19:33:07.674+0000] {processor.py:157} INFO - Started process (PID=171) to work on /opt/airflow/dags/homework_panic_meter.py
[2026-05-10T19:33:07.674+0000] {processor.py:829} INFO - Processing file /opt/airflow/dags/homework_panic_meter.py for tasks to queue
[2026-05-10T19:33:07.677+0000] {logging_mixin.py:151} INFO - [2026-05-10T19:33:07.676+0000] {dagbag.py:539} INFO - Filling up the DagBag from /opt/airflow/dags/homework_panic_meter.py
[2026-05-10T19:33:07.688+0000] {processor.py:839} INFO - DAG(s) dict_keys(['homework_panic_meter']) retrieved from /opt/airflow/dags/homework_panic_meter.py
[2026-05-10T19:33:07.701+0000] {logging_mixin.py:151} INFO - [2026-05-10T19:33:07.701+0000] {dag.py:2915} INFO - Sync 1 DAGs
[2026-05-10T19:33:07.712+0000] {logging_mixin.py:151} INFO - [2026-05-10T19:33:07.712+0000] {dag.py:3696} INFO - Setting next_dagrun for homework_panic_meter to 2026-05-09T00:00:00+00:00, run_after=2026-05-10T00:00:00+00:00
[2026-05-10T19:33:07.720+0000] {processor.py:179} INFO - Processing /opt/airflow/dags/homework_panic_meter.py took 0.048 seconds
[2026-05-10T19:33:37.921+0000] {processor.py:157} INFO - Started process (PID=190) to work on /opt/airflow/dags/homework_panic_meter.py
[2026-05-10T19:33:37.922+0000] {processor.py:829} INFO - Processing file /opt/airflow/dags/homework_panic_meter.py for tasks to queue
[2026-05-10T19:33:37.923+0000] {logging_mixin.py:151} INFO - [2026-05-10T19:33:37.922+0000] {dagbag.py:539} INFO - Filling up the DagBag from /opt/airflow/dags/homework_panic_meter.py
[2026-05-10T19:33:37.932+0000] {processor.py:839} INFO - DAG(s) dict_keys(['homework_panic_meter']) retrieved from /opt/airflow/dags/homework_panic_meter.py
[2026-05-10T19:33:37.958+0000] {logging_mixin.py:151} INFO - [2026-05-10T19:33:37.958+0000] {dag.py:2915} INFO - Sync 1 DAGs
[2026-05-10T19:33:37.970+0000] {logging_mixin.py:151} INFO - [2026-05-10T19:33:37.970+0000] {dag.py:3696} INFO - Setting next_dagrun for homework_panic_meter to 2026-05-09T00:00:00+00:00, run_after=2026-05-10T00:00:00+00:00
[2026-05-10T19:33:38.075+0000] {processor.py:179} INFO - Processing /opt/airflow/dags/homework_panic_meter.py took 0.156 seconds
[2026-05-10T19:34:08.147+0000] {processor.py:157} INFO - Started process (PID=222) to work on /opt/airflow/dags/homework_panic_meter.py
[2026-05-10T19:34:08.147+0000] {processor.py:829} INFO - Processing file /opt/airflow/dags/homework_panic_meter.py for tasks to queue
[2026-05-10T19:34:08.148+0000] {logging_mixin.py:151} INFO - [2026-05-10T19:34:08.148+0000] {dagbag.py:539} INFO - Filling up the DagBag from /opt/airflow/dags/homework_panic_meter.py
[2026-05-10T19:34:08.162+0000] {processor.py:839} INFO - DAG(s) dict_keys(['homework_panic_meter']) retrieved from /opt/airflow/dags/homework_panic_meter.py
[2026-05-10T19:34:08.183+0000] {logging_mixin.py:151} INFO - [2026-05-10T19:34:08.183+0000] {dag.py:2915} INFO - Sync 1 DAGs
[2026-05-10T19:34:08.258+0000] {logging_mixin.py:151} INFO - [2026-05-10T19:34:08.257+0000] {dag.py:3696} INFO - Setting next_dagrun for homework_panic_meter to 2026-05-10T00:00:00+00:00, run_after=2026-05-11T00:00:00+00:00
[2026-05-10T19:34:08.264+0000] {processor.py:179} INFO - Processing /opt/airflow/dags/homework_panic_meter.py took 0.121 seconds
